#
# There is insufficient memory for the Java Runtime Environment to continue.
# Native memory allocation (malloc) failed to allocate 2212496 bytes for Chunk::new
# Possible reasons:
#   The system is out of physical RAM or swap space
#   The process is running with CompressedOops enabled, and the Java Heap may be blocking the growth of the native heap
# Possible solutions:
#   Reduce memory load on the system
#   Increase physical memory or swap space
#   Check if swap backing store is full
#   Decrease Java heap size (-Xmx/-Xms)
#   Decrease number of Java threads
#   Decrease Java thread stack sizes (-Xss)
#   Set larger code cache with -XX:ReservedCodeCacheSize=
#   JVM is running with Unscaled Compressed Oops mode in which the Java heap is
#     placed in the first 4GB address space. The Java Heap base address is the
#     maximum limit for the native heap growth. Please use -XX:HeapBaseMinAddress
#     to set the Java Heap base and to place the Java Heap above 4GB virtual address.
# This output file may be truncated or incomplete.
#
#  Out of Memory Error (./src/hotspot/share/memory/arena.cpp:197), pid=12748, tid=8528
#
# JRE version: OpenJDK Runtime Environment (11.0.10) (build 11.0.10+0-b96-7249189)
# Java VM: OpenJDK 64-Bit Server VM (11.0.10+0-b96-7249189, mixed mode, tiered, compressed oops, g1 gc, windows-amd64)
# No core dump will be written. Minidumps are not enabled by default on client versions of Windows
#

---------------  S U M M A R Y ------------

Command Line: --add-opens=java.base/java.util=ALL-UNNAMED --add-opens=java.base/java.lang=ALL-UNNAMED --add-opens=java.base/java.lang.invoke=ALL-UNNAMED --add-opens=java.base/java.util=ALL-UNNAMED --add-opens=java.prefs/java.util.prefs=ALL-UNNAMED --add-opens=java.prefs/java.util.prefs=ALL-UNNAMED --add-opens=java.base/java.nio.charset=ALL-UNNAMED --add-opens=java.base/java.net=ALL-UNNAMED --add-opens=java.base/java.util.concurrent.atomic=ALL-UNNAMED -Xmx2048m -Dfile.encoding=UTF-8 -Duser.country=US -Duser.language=en -Duser.variant org.gradle.launcher.daemon.bootstrap.GradleDaemon 7.0.2

Host: Intel(R) Pentium(R) CPU 2020M @ 2.40GHz, 2 cores, 3G,  Windows 10 , 64 bit Build 19041 (10.0.19041.1466)
Time: Tue Feb 15 19:34:54 2022 SE Asia Standard Time elapsed time: 67.352357 seconds (0d 0h 1m 7s)

---------------  T H R E A D  ---------------

Current thread (0x0000019e56dbb000):  JavaThread "C2 CompilerThread0" daemon [_thread_in_native, id=8528, stack(0x0000003755a00000,0x0000003755b00000)]


Current CompileTask:
C2:  67352 7547       4       java.beans.Introspector::addMethod (196 bytes)

Stack: [0x0000003755a00000,0x0000003755b00000]
Native frames: (J=compiled Java code, j=interpreted, Vv=VM code, C=native code)
V  [jvm.dll+0x5ecfaa]
V  [jvm.dll+0x722bd5]
V  [jvm.dll+0x72412d]
V  [jvm.dll+0x7247e3]
V  [jvm.dll+0x242928]
V  [jvm.dll+0xbc4fc]
V  [jvm.dll+0xbca0c]
V  [jvm.dll+0x352d7d]
V  [jvm.dll+0x320ad3]
V  [jvm.dll+0x31ffca]
V  [jvm.dll+0x1fb602]
V  [jvm.dll+0x1fa7f4]
V  [jvm.dll+0x18354c]
V  [jvm.dll+0x208ee7]
V  [jvm.dll+0x207731]
V  [jvm.dll+0x6eb1cf]
V  [jvm.dll+0x6e3d45]
V  [jvm.dll+0x5ebe96]
C  [ucrtbase.dll+0x21bb2]
C  [KERNEL32.DLL+0x17034]
C  [ntdll.dll+0x52651]


---------------  P R O C E S S  ---------------

Threads class SMR info:
_java_thread_list=0x0000019e5d496090, length=39, elements={
0x0000019e3aec2800, 0x0000019e56d58800, 0x0000019e56d9d800, 0x0000019e56db5800,
0x0000019e56db6800, 0x0000019e56db8800, 0x0000019e56dbb000, 0x0000019e56dc0000,
0x0000019e56f28800, 0x0000019e57069800, 0x0000019e5879c800, 0x0000019e586ef800,
0x0000019e592dc000, 0x0000019e58161000, 0x0000019e58289800, 0x0000019e58718800,
0x0000019e58719000, 0x0000019e58614800, 0x0000019e5803f000, 0x0000019e57ca3800,
0x0000019e57ca2800, 0x0000019e57ca9000, 0x0000019e57ca4000, 0x0000019e57ca5000,
0x0000019e57ca7800, 0x0000019e57ca6000, 0x0000019e57ca6800, 0x0000019e57ca8000,
0x0000019e593fd000, 0x0000019e593f7800, 0x0000019e593f9800, 0x0000019e593fb800,
0x0000019e593fe000, 0x0000019e593f9000, 0x0000019e593f8000, 0x0000019e59401000,
0x0000019e593ff800, 0x0000019e59400000, 0x0000019e593fe800
}

Java Threads: ( => current thread )
  0x0000019e3aec2800 JavaThread "main" [_thread_blocked, id=2520, stack(0x0000003754d00000,0x0000003754e00000)]
  0x0000019e56d58800 JavaThread "Reference Handler" daemon [_thread_blocked, id=2168, stack(0x0000003755500000,0x0000003755600000)]
  0x0000019e56d9d800 JavaThread "Finalizer" daemon [_thread_blocked, id=9480, stack(0x0000003755600000,0x0000003755700000)]
  0x0000019e56db5800 JavaThread "Signal Dispatcher" daemon [_thread_blocked, id=672, stack(0x0000003755700000,0x0000003755800000)]
  0x0000019e56db6800 JavaThread "Attach Listener" daemon [_thread_blocked, id=4292, stack(0x0000003755800000,0x0000003755900000)]
  0x0000019e56db8800 JavaThread "Service Thread" daemon [_thread_blocked, id=3244, stack(0x0000003755900000,0x0000003755a00000)]
=>0x0000019e56dbb000 JavaThread "C2 CompilerThread0" daemon [_thread_in_native, id=8528, stack(0x0000003755a00000,0x0000003755b00000)]
  0x0000019e56dc0000 JavaThread "C1 CompilerThread0" daemon [_thread_blocked, id=9680, stack(0x0000003755b00000,0x0000003755c00000)]
  0x0000019e56f28800 JavaThread "Sweeper thread" daemon [_thread_blocked, id=12484, stack(0x0000003755c00000,0x0000003755d00000)]
  0x0000019e57069800 JavaThread "Common-Cleaner" daemon [_thread_blocked, id=1052, stack(0x0000003755d00000,0x0000003755e00000)]
  0x0000019e5879c800 JavaThread "Daemon health stats" [_thread_blocked, id=7140, stack(0x0000003756000000,0x0000003756100000)]
  0x0000019e586ef800 JavaThread "Incoming local TCP Connector on port 55303" [_thread_in_native, id=1496, stack(0x0000003756100000,0x0000003756200000)]
  0x0000019e592dc000 JavaThread "Daemon periodic checks" [_thread_blocked, id=11912, stack(0x0000003756200000,0x0000003756300000)]
  0x0000019e58161000 JavaThread "Daemon" [_thread_blocked, id=10508, stack(0x0000003756300000,0x0000003756400000)]
  0x0000019e58289800 JavaThread "Handler for socket connection from /127.0.0.1:55303 to /127.0.0.1:55304" [_thread_in_native, id=8200, stack(0x0000003756400000,0x0000003756500000)]
  0x0000019e58718800 JavaThread "Cancel handler" [_thread_blocked, id=10080, stack(0x0000003756500000,0x0000003756600000)]
  0x0000019e58719000 JavaThread "Daemon worker" [_thread_in_native, id=12520, stack(0x0000003756600000,0x0000003756700000)]
  0x0000019e58614800 JavaThread "Asynchronous log dispatcher for DefaultDaemonConnection: socket connection from /127.0.0.1:55303 to /127.0.0.1:55304" [_thread_blocked, id=6300, stack(0x0000003756700000,0x0000003756800000)]
  0x0000019e5803f000 JavaThread "Stdin handler" [_thread_blocked, id=4220, stack(0x0000003756800000,0x0000003756900000)]
  0x0000019e57ca3800 JavaThread "Daemon client event forwarder" [_thread_blocked, id=9596, stack(0x0000003756900000,0x0000003756a00000)]
  0x0000019e57ca2800 JavaThread "Cache worker for file hash cache (C:\Users\Medhok\.gradle\caches\7.0.2\fileHashes)" [_thread_blocked, id=116, stack(0x0000003756a00000,0x0000003756b00000)]
  0x0000019e57ca9000 JavaThread "File lock request listener" [_thread_in_native, id=2724, stack(0x0000003756b00000,0x0000003756c00000)]
  0x0000019e57ca4000 JavaThread "Cache worker for journal cache (C:\Users\Medhok\.gradle\caches\journal-1)" [_thread_blocked, id=4848, stack(0x0000003756c00000,0x0000003756d00000)]
  0x0000019e57ca5000 JavaThread "Cache worker for file hash cache (D:\UASPBB-main\.gradle\7.0.2\fileHashes)" [_thread_blocked, id=5868, stack(0x0000003756d00000,0x0000003756e00000)]
  0x0000019e57ca7800 JavaThread "File watcher server" daemon [_thread_in_native, id=13224, stack(0x0000003756e00000,0x0000003756f00000)]
  0x0000019e57ca6000 JavaThread "File watcher consumer" daemon [_thread_blocked, id=11856, stack(0x0000003756f00000,0x0000003757000000)]
  0x0000019e57ca6800 JavaThread "jar transforms" [_thread_blocked, id=9724, stack(0x0000003757000000,0x0000003757100000)]
  0x0000019e57ca8000 JavaThread "jar transforms Thread 2" [_thread_blocked, id=8112, stack(0x0000003757100000,0x0000003757200000)]
  0x0000019e593fd000 JavaThread "Cache worker for checksums cache (D:\UASPBB-main\.gradle\checksums)" [_thread_blocked, id=7956, stack(0x0000003757200000,0x0000003757300000)]
  0x0000019e593f7800 JavaThread "Cache worker for cache directory md-supplier (C:\Users\Medhok\.gradle\caches\7.0.2\md-supplier)" [_thread_blocked, id=6980, stack(0x0000003757300000,0x0000003757400000)]
  0x0000019e593f9800 JavaThread "Cache worker for cache directory md-rule (C:\Users\Medhok\.gradle\caches\7.0.2\md-rule)" [_thread_blocked, id=6788, stack(0x0000003757400000,0x0000003757500000)]
  0x0000019e593fb800 JavaThread "Cache worker for execution history cache (C:\Users\Medhok\.gradle\caches\7.0.2\executionHistory)" [_thread_blocked, id=6276, stack(0x0000003757500000,0x0000003757600000)]
  0x0000019e593fe000 JavaThread "Cache worker for file content cache (C:\Users\Medhok\.gradle\caches\7.0.2\fileContent)" [_thread_blocked, id=11452, stack(0x0000003757600000,0x0000003757700000)]
  0x0000019e593f9000 JavaThread "Cache worker for dependencies-accessors (D:\UASPBB-main\.gradle\7.0.2\dependencies-accessors)" [_thread_blocked, id=1692, stack(0x0000003757900000,0x0000003757a00000)]
  0x0000019e593f8000 JavaThread "Cache worker for Build Output Cleanup Cache (D:\UASPBB-main\.gradle\buildOutputCleanup)" [_thread_blocked, id=12912, stack(0x0000003757a00000,0x0000003757b00000)]
  0x0000019e59401000 JavaThread "Build operations" [_thread_blocked, id=3784, stack(0x0000003757b00000,0x0000003757c00000)]
  0x0000019e593ff800 JavaThread "Build operations Thread 2" [_thread_blocked, id=9744, stack(0x0000003757c00000,0x0000003757d00000)]
  0x0000019e59400000 JavaThread "Memory manager" [_thread_blocked, id=8140, stack(0x0000003757d00000,0x0000003757e00000)]
  0x0000019e593fe800 JavaThread "pool-3-thread-1" [_thread_blocked, id=13288, stack(0x0000003754c00000,0x0000003754d00000)]

Other Threads:
  0x0000019e56d53800 VMThread "VM Thread" [stack: 0x0000003755400000,0x0000003755500000] [id=6992]
  0x0000019e5707d000 WatcherThread [stack: 0x0000003755e00000,0x0000003755f00000] [id=9544]
  0x0000019e3ae9a000 GCTaskThread "GC Thread#0" [stack: 0x0000003754f00000,0x0000003755000000] [id=5236]
  0x0000019e57132800 GCTaskThread "GC Thread#1" [stack: 0x0000003755f00000,0x0000003756000000] [id=11368]
  0x0000019e3af07000 ConcurrentGCThread "G1 Main Marker" [stack: 0x0000003755000000,0x0000003755100000] [id=1576]
  0x0000019e3af08000 ConcurrentGCThread "G1 Conc#0" [stack: 0x0000003755100000,0x0000003755200000] [id=10460]
  0x0000019e3af56800 ConcurrentGCThread "G1 Refine#0" [stack: 0x0000003755200000,0x0000003755300000] [id=7200]
  0x0000019e3af57800 ConcurrentGCThread "G1 Young RemSet Sampling" [stack: 0x0000003755300000,0x0000003755400000] [id=9188]

Threads with active compile tasks:
C2 CompilerThread0  67486 7547       4       java.beans.Introspector::addMethod (196 bytes)

VM state:not at safepoint (normal execution)

VM Mutex/Monitor currently owned by a thread: None

Heap address: 0x0000000080000000, size: 2048 MB, Compressed Oops mode: 32-bit
Narrow klass base: 0x0000000000000000, Narrow klass shift: 3
Compressed class space size: 1073741824 Address: 0x0000000100000000

Heap:
 garbage-first heap   total 206848K, used 109104K [0x0000000080000000, 0x0000000100000000)
  region size 1024K, 23 young (23552K), 6 survivors (6144K)
 Metaspace       used 78634K, capacity 80612K, committed 80816K, reserved 1120256K
  class space    used 10009K, capacity 10672K, committed 10752K, reserved 1048576K
Heap Regions: E=young(eden), S=young(survivor), O=old, HS=humongous(starts), HC=humongous(continues), CS=collection set, F=free, A=archive, TAMS=top-at-mark-start (previous, next)
|   0|0x0000000080000000, 0x0000000080100000, 0x0000000080100000|100%| O|  |TAMS 0x0000000080100000, 0x0000000080000000| Untracked 
|   1|0x0000000080100000, 0x0000000080200000, 0x0000000080200000|100%| O|  |TAMS 0x0000000080200000, 0x0000000080100000| Untracked 
|   2|0x0000000080200000, 0x0000000080300000, 0x0000000080300000|100%| O|  |TAMS 0x0000000080300000, 0x0000000080200000| Untracked 
|   3|0x0000000080300000, 0x0000000080400000, 0x0000000080400000|100%| O|  |TAMS 0x0000000080400000, 0x0000000080300000| Untracked 
|   4|0x0000000080400000, 0x0000000080500000, 0x0000000080500000|100%|HS|  |TAMS 0x0000000080500000, 0x0000000080400000| Complete 
|   5|0x0000000080500000, 0x0000000080600000, 0x0000000080600000|100%|HC|  |TAMS 0x0000000080600000, 0x0000000080500000| Complete 
|   6|0x0000000080600000, 0x0000000080700000, 0x0000000080700000|100%|HC|  |TAMS 0x0000000080700000, 0x0000000080600000| Complete 
|   7|0x0000000080700000, 0x0000000080800000, 0x0000000080800000|100%| O|  |TAMS 0x0000000080800000, 0x0000000080700000| Untracked 
|   8|0x0000000080800000, 0x0000000080900000, 0x0000000080900000|100%| O|  |TAMS 0x0000000080900000, 0x0000000080800000| Untracked 
|   9|0x0000000080900000, 0x0000000080a00000, 0x0000000080a00000|100%| O|  |TAMS 0x0000000080a00000, 0x0000000080900000| Untracked 
|  10|0x0000000080a00000, 0x0000000080b00000, 0x0000000080b00000|100%| O|  |TAMS 0x0000000080b00000, 0x0000000080a00000| Untracked 
|  11|0x0000000080b00000, 0x0000000080c00000, 0x0000000080c00000|100%| O|  |TAMS 0x0000000080c00000, 0x0000000080b00000| Untracked 
|  12|0x0000000080c00000, 0x0000000080d00000, 0x0000000080d00000|100%| O|  |TAMS 0x0000000080d00000, 0x0000000080c00000| Untracked 
|  13|0x0000000080d00000, 0x0000000080e00000, 0x0000000080e00000|100%| O|  |TAMS 0x0000000080e00000, 0x0000000080d00000| Untracked 
|  14|0x0000000080e00000, 0x0000000080f00000, 0x0000000080f00000|100%| O|  |TAMS 0x0000000080f00000, 0x0000000080e00000| Untracked 
|  15|0x0000000080f00000, 0x0000000081000000, 0x0000000081000000|100%|HS|  |TAMS 0x0000000081000000, 0x0000000080f00000| Complete 
|  16|0x0000000081000000, 0x0000000081100000, 0x0000000081100000|100%|HC|  |TAMS 0x0000000081100000, 0x0000000081000000| Complete 
|  17|0x0000000081100000, 0x0000000081200000, 0x0000000081200000|100%|HS|  |TAMS 0x0000000081200000, 0x0000000081100000| Complete 
|  18|0x0000000081200000, 0x0000000081300000, 0x0000000081300000|100%|HC|  |TAMS 0x0000000081300000, 0x0000000081200000| Complete 
|  19|0x0000000081300000, 0x0000000081400000, 0x0000000081400000|100%|HC|  |TAMS 0x0000000081400000, 0x0000000081300000| Complete 
|  20|0x0000000081400000, 0x0000000081500000, 0x0000000081500000|100%|HS|  |TAMS 0x0000000081500000, 0x0000000081400000| Complete 
|  21|0x0000000081500000, 0x0000000081600000, 0x0000000081600000|100%|HC|  |TAMS 0x0000000081600000, 0x0000000081500000| Complete 
|  22|0x0000000081600000, 0x0000000081700000, 0x0000000081700000|100%|HC|  |TAMS 0x0000000081700000, 0x0000000081600000| Complete 
|  23|0x0000000081700000, 0x0000000081800000, 0x0000000081800000|100%|HC|  |TAMS 0x0000000081800000, 0x0000000081700000| Complete 
|  24|0x0000000081800000, 0x0000000081900000, 0x0000000081900000|100%|HC|  |TAMS 0x0000000081900000, 0x0000000081800000| Complete 
|  25|0x0000000081900000, 0x0000000081a00000, 0x0000000081a00000|100%| O|  |TAMS 0x0000000081a00000, 0x0000000081900000| Untracked 
|  26|0x0000000081a00000, 0x0000000081b00000, 0x0000000081b00000|100%| O|  |TAMS 0x0000000081b00000, 0x0000000081a00000| Untracked 
|  27|0x0000000081b00000, 0x0000000081c00000, 0x0000000081c00000|100%| O|  |TAMS 0x0000000081c00000, 0x0000000081b00000| Untracked 
|  28|0x0000000081c00000, 0x0000000081d00000, 0x0000000081d00000|100%| O|  |TAMS 0x0000000081d00000, 0x0000000081c00000| Untracked 
|  29|0x0000000081d00000, 0x0000000081e00000, 0x0000000081e00000|100%| O|  |TAMS 0x0000000081e00000, 0x0000000081d00000| Untracked 
|  30|0x0000000081e00000, 0x0000000081f00000, 0x0000000081f00000|100%| O|  |TAMS 0x0000000081f00000, 0x0000000081e00000| Untracked 
|  31|0x0000000081f00000, 0x0000000082000000, 0x0000000082000000|100%| O|  |TAMS 0x0000000082000000, 0x0000000081f00000| Untracked 
|  32|0x0000000082000000, 0x0000000082100000, 0x0000000082100000|100%| O|  |TAMS 0x0000000082100000, 0x0000000082000000| Untracked 
|  33|0x0000000082100000, 0x0000000082200000, 0x0000000082200000|100%| O|  |TAMS 0x0000000082200000, 0x0000000082100000| Untracked 
|  34|0x0000000082200000, 0x0000000082300000, 0x0000000082300000|100%| O|  |TAMS 0x0000000082300000, 0x0000000082200000| Untracked 
|  35|0x0000000082300000, 0x0000000082400000, 0x0000000082400000|100%| O|  |TAMS 0x0000000082400000, 0x0000000082300000| Untracked 
|  36|0x0000000082400000, 0x0000000082500000, 0x0000000082500000|100%| O|  |TAMS 0x0000000082500000, 0x0000000082400000| Untracked 
|  37|0x0000000082500000, 0x0000000082600000, 0x0000000082600000|100%| O|  |TAMS 0x0000000082600000, 0x0000000082500000| Untracked 
|  38|0x0000000082600000, 0x0000000082700000, 0x0000000082700000|100%| O|  |TAMS 0x0000000082700000, 0x0000000082600000| Untracked 
|  39|0x0000000082700000, 0x0000000082800000, 0x0000000082800000|100%| O|  |TAMS 0x0000000082800000, 0x0000000082700000| Untracked 
|  40|0x0000000082800000, 0x0000000082900000, 0x0000000082900000|100%|HS|  |TAMS 0x0000000082900000, 0x0000000082800000| Complete 
|  41|0x0000000082900000, 0x0000000082a00000, 0x0000000082a00000|100%|HC|  |TAMS 0x0000000082a00000, 0x0000000082900000| Complete 
|  42|0x0000000082a00000, 0x0000000082b00000, 0x0000000082b00000|100%|HC|  |TAMS 0x0000000082b00000, 0x0000000082a00000| Complete 
|  43|0x0000000082b00000, 0x0000000082c00000, 0x0000000082c00000|100%|HC|  |TAMS 0x0000000082c00000, 0x0000000082b00000| Complete 
|  44|0x0000000082c00000, 0x0000000082d00000, 0x0000000082d00000|100%|HC|  |TAMS 0x0000000082d00000, 0x0000000082c00000| Complete 
|  45|0x0000000082d00000, 0x0000000082e00000, 0x0000000082e00000|100%|HS|  |TAMS 0x0000000082e00000, 0x0000000082d00000| Complete 
|  46|0x0000000082e00000, 0x0000000082f00000, 0x0000000082f00000|100%|HC|  |TAMS 0x0000000082f00000, 0x0000000082e00000| Complete 
|  47|0x0000000082f00000, 0x0000000083000000, 0x0000000083000000|100%|HC|  |TAMS 0x0000000083000000, 0x0000000082f00000| Complete 
|  48|0x0000000083000000, 0x0000000083100000, 0x0000000083100000|100%| O|  |TAMS 0x0000000083100000, 0x0000000083000000| Untracked 
|  49|0x0000000083100000, 0x0000000083200000, 0x0000000083200000|100%| O|  |TAMS 0x0000000083200000, 0x0000000083100000| Untracked 
|  50|0x0000000083200000, 0x0000000083300000, 0x0000000083300000|100%| O|  |TAMS 0x0000000083300000, 0x0000000083200000| Untracked 
|  51|0x0000000083300000, 0x0000000083400000, 0x0000000083400000|100%| O|  |TAMS 0x0000000083400000, 0x0000000083300000| Untracked 
|  52|0x0000000083400000, 0x0000000083500000, 0x0000000083500000|100%| O|  |TAMS 0x0000000083500000, 0x0000000083400000| Untracked 
|  53|0x0000000083500000, 0x0000000083600000, 0x0000000083600000|100%| O|  |TAMS 0x0000000083600000, 0x0000000083500000| Untracked 
|  54|0x0000000083600000, 0x0000000083700000, 0x0000000083700000|100%| O|  |TAMS 0x0000000083700000, 0x0000000083600000| Untracked 
|  55|0x0000000083700000, 0x0000000083800000, 0x0000000083800000|100%| O|  |TAMS 0x0000000083800000, 0x0000000083700000| Untracked 
|  56|0x0000000083800000, 0x0000000083900000, 0x0000000083900000|100%|HS|  |TAMS 0x0000000083900000, 0x0000000083800000| Complete 
|  57|0x0000000083900000, 0x0000000083a00000, 0x0000000083a00000|100%|HS|  |TAMS 0x0000000083a00000, 0x0000000083900000| Complete 
|  58|0x0000000083a00000, 0x0000000083b00000, 0x0000000083b00000|100%|HS|  |TAMS 0x0000000083b00000, 0x0000000083a00000| Complete 
|  59|0x0000000083b00000, 0x0000000083c00000, 0x0000000083c00000|100%| O|  |TAMS 0x0000000083c00000, 0x0000000083b00000| Untracked 
|  60|0x0000000083c00000, 0x0000000083d00000, 0x0000000083d00000|100%|HS|  |TAMS 0x0000000083d00000, 0x0000000083c00000| Complete 
|  61|0x0000000083d00000, 0x0000000083e00000, 0x0000000083e00000|100%|HC|  |TAMS 0x0000000083e00000, 0x0000000083d00000| Complete 
|  62|0x0000000083e00000, 0x0000000083f00000, 0x0000000083f00000|100%|HC|  |TAMS 0x0000000083f00000, 0x0000000083e00000| Complete 
|  63|0x0000000083f00000, 0x0000000084000000, 0x0000000084000000|100%| O|  |TAMS 0x0000000084000000, 0x0000000083f00000| Untracked 
|  64|0x0000000084000000, 0x0000000084100000, 0x0000000084100000|100%| O|  |TAMS 0x0000000084100000, 0x0000000084000000| Untracked 
|  65|0x0000000084100000, 0x0000000084200000, 0x0000000084200000|100%| O|  |TAMS 0x0000000084200000, 0x0000000084100000| Untracked 
|  66|0x0000000084200000, 0x0000000084300000, 0x0000000084300000|100%| O|  |TAMS 0x0000000084300000, 0x0000000084200000| Untracked 
|  67|0x0000000084300000, 0x0000000084400000, 0x0000000084400000|100%|HS|  |TAMS 0x0000000084400000, 0x0000000084300000| Complete 
|  68|0x0000000084400000, 0x0000000084500000, 0x0000000084500000|100%|HC|  |TAMS 0x0000000084500000, 0x0000000084400000| Complete 
|  69|0x0000000084500000, 0x0000000084600000, 0x0000000084600000|100%| O|  |TAMS 0x0000000084600000, 0x0000000084500000| Untracked 
|  70|0x0000000084600000, 0x0000000084700000, 0x0000000084700000|100%| O|  |TAMS 0x0000000084700000, 0x0000000084600000| Untracked 
|  71|0x0000000084700000, 0x0000000084800000, 0x0000000084800000|100%| O|  |TAMS 0x0000000084800000, 0x0000000084700000| Untracked 
|  72|0x0000000084800000, 0x0000000084900000, 0x0000000084900000|100%| O|  |TAMS 0x0000000084900000, 0x0000000084800000| Untracked 
|  73|0x0000000084900000, 0x0000000084a00000, 0x0000000084a00000|100%| O|  |TAMS 0x0000000084a00000, 0x0000000084900000| Untracked 
|  74|0x0000000084a00000, 0x0000000084b00000, 0x0000000084b00000|100%| O|  |TAMS 0x0000000084b00000, 0x0000000084a00000| Untracked 
|  75|0x0000000084b00000, 0x0000000084c00000, 0x0000000084c00000|100%| O|  |TAMS 0x0000000084c00000, 0x0000000084b00000| Untracked 
|  76|0x0000000084c00000, 0x0000000084d00000, 0x0000000084d00000|100%| O|  |TAMS 0x0000000084d00000, 0x0000000084c00000| Untracked 
|  77|0x0000000084d00000, 0x0000000084e00000, 0x0000000084e00000|100%| O|  |TAMS 0x0000000084e00000, 0x0000000084d00000| Untracked 
|  78|0x0000000084e00000, 0x0000000084f00000, 0x0000000084f00000|100%| O|  |TAMS 0x0000000084f00000, 0x0000000084e00000| Untracked 
|  79|0x0000000084f00000, 0x0000000085000000, 0x0000000085000000|100%| O|  |TAMS 0x0000000085000000, 0x0000000084f00000| Untracked 
|  80|0x0000000085000000, 0x0000000085100000, 0x0000000085100000|100%| O|  |TAMS 0x0000000085100000, 0x0000000085000000| Untracked 
|  81|0x0000000085100000, 0x0000000085200000, 0x0000000085200000|100%| O|  |TAMS 0x0000000085200000, 0x0000000085100000| Untracked 
|  82|0x0000000085200000, 0x0000000085300000, 0x0000000085300000|100%| O|  |TAMS 0x0000000085300000, 0x0000000085200000| Untracked 
|  83|0x0000000085300000, 0x0000000085400000, 0x0000000085400000|100%| O|  |TAMS 0x0000000085400000, 0x0000000085300000| Untracked 
|  84|0x0000000085400000, 0x000000008548ca00, 0x0000000085500000| 54%| O|  |TAMS 0x000000008548ca00, 0x0000000085400000| Untracked 
|  85|0x0000000085500000, 0x0000000085500000, 0x0000000085600000|  0%| F|  |TAMS 0x0000000085500000, 0x0000000085500000| Untracked 
|  86|0x0000000085600000, 0x0000000085600000, 0x0000000085700000|  0%| F|  |TAMS 0x0000000085600000, 0x0000000085600000| Untracked 
|  87|0x0000000085700000, 0x0000000085700000, 0x0000000085800000|  0%| F|  |TAMS 0x0000000085700000, 0x0000000085700000| Untracked 
|  88|0x0000000085800000, 0x0000000085800000, 0x0000000085900000|  0%| F|  |TAMS 0x0000000085800000, 0x0000000085800000| Untracked 
|  89|0x0000000085900000, 0x0000000085900000, 0x0000000085a00000|  0%| F|  |TAMS 0x0000000085900000, 0x0000000085900000| Untracked 
|  90|0x0000000085a00000, 0x0000000085a00000, 0x0000000085b00000|  0%| F|  |TAMS 0x0000000085a00000, 0x0000000085a00000| Untracked 
|  91|0x0000000085b00000, 0x0000000085b00000, 0x0000000085c00000|  0%| F|  |TAMS 0x0000000085b00000, 0x0000000085b00000| Untracked 
|  92|0x0000000085c00000, 0x0000000085c00000, 0x0000000085d00000|  0%| F|  |TAMS 0x0000000085c00000, 0x0000000085c00000| Untracked 
|  93|0x0000000085d00000, 0x0000000085d00000, 0x0000000085e00000|  0%| F|  |TAMS 0x0000000085d00000, 0x0000000085d00000| Untracked 
|  94|0x0000000085e00000, 0x0000000085e00000, 0x0000000085f00000|  0%| F|  |TAMS 0x0000000085e00000, 0x0000000085e00000| Untracked 
|  95|0x0000000085f00000, 0x0000000085f00000, 0x0000000086000000|  0%| F|  |TAMS 0x0000000085f00000, 0x0000000085f00000| Untracked 
|  96|0x0000000086000000, 0x0000000086000000, 0x0000000086100000|  0%| F|  |TAMS 0x0000000086000000, 0x0000000086000000| Untracked 
|  97|0x0000000086100000, 0x0000000086100000, 0x0000000086200000|  0%| F|  |TAMS 0x0000000086100000, 0x0000000086100000| Untracked 
|  98|0x0000000086200000, 0x0000000086200000, 0x0000000086300000|  0%| F|  |TAMS 0x0000000086200000, 0x0000000086200000| Untracked 
|  99|0x0000000086300000, 0x0000000086300000, 0x0000000086400000|  0%| F|  |TAMS 0x0000000086300000, 0x0000000086300000| Untracked 
| 100|0x0000000086400000, 0x0000000086400000, 0x0000000086500000|  0%| F|  |TAMS 0x0000000086400000, 0x0000000086400000| Untracked 
| 101|0x0000000086500000, 0x0000000086500000, 0x0000000086600000|  0%| F|  |TAMS 0x0000000086500000, 0x0000000086500000| Untracked 
| 102|0x0000000086600000, 0x0000000086600000, 0x0000000086700000|  0%| F|  |TAMS 0x0000000086600000, 0x0000000086600000| Untracked 
| 103|0x0000000086700000, 0x0000000086700000, 0x0000000086800000|  0%| F|  |TAMS 0x0000000086700000, 0x0000000086700000| Untracked 
| 104|0x0000000086800000, 0x0000000086800000, 0x0000000086900000|  0%| F|  |TAMS 0x0000000086800000, 0x0000000086800000| Untracked 
| 105|0x0000000086900000, 0x0000000086900000, 0x0000000086a00000|  0%| F|  |TAMS 0x0000000086900000, 0x0000000086900000| Untracked 
| 106|0x0000000086a00000, 0x0000000086a00000, 0x0000000086b00000|  0%| F|  |TAMS 0x0000000086a00000, 0x0000000086a00000| Untracked 
| 107|0x0000000086b00000, 0x0000000086b00000, 0x0000000086c00000|  0%| F|  |TAMS 0x0000000086b00000, 0x0000000086b00000| Untracked 
| 108|0x0000000086c00000, 0x0000000086c00000, 0x0000000086d00000|  0%| F|  |TAMS 0x0000000086c00000, 0x0000000086c00000| Untracked 
| 109|0x0000000086d00000, 0x0000000086d00000, 0x0000000086e00000|  0%| F|  |TAMS 0x0000000086d00000, 0x0000000086d00000| Untracked 
| 110|0x0000000086e00000, 0x0000000086e00000, 0x0000000086f00000|  0%| F|  |TAMS 0x0000000086e00000, 0x0000000086e00000| Untracked 
| 111|0x0000000086f00000, 0x0000000086f00000, 0x0000000087000000|  0%| F|  |TAMS 0x0000000086f00000, 0x0000000086f00000| Untracked 
| 112|0x0000000087000000, 0x0000000087000000, 0x0000000087100000|  0%| F|  |TAMS 0x0000000087000000, 0x0000000087000000| Untracked 
| 113|0x0000000087100000, 0x0000000087100000, 0x0000000087200000|  0%| F|  |TAMS 0x0000000087100000, 0x0000000087100000| Untracked 
| 114|0x0000000087200000, 0x0000000087200000, 0x0000000087300000|  0%| F|  |TAMS 0x0000000087200000, 0x0000000087200000| Untracked 
| 115|0x0000000087300000, 0x0000000087300000, 0x0000000087400000|  0%| F|  |TAMS 0x0000000087300000, 0x0000000087300000| Untracked 
| 116|0x0000000087400000, 0x0000000087400000, 0x0000000087500000|  0%| F|  |TAMS 0x0000000087400000, 0x0000000087400000| Untracked 
| 117|0x0000000087500000, 0x0000000087500000, 0x0000000087600000|  0%| F|  |TAMS 0x0000000087500000, 0x0000000087500000| Untracked 
| 118|0x0000000087600000, 0x0000000087600000, 0x0000000087700000|  0%| F|  |TAMS 0x0000000087600000, 0x0000000087600000| Untracked 
| 119|0x0000000087700000, 0x00000000877ff7e0, 0x0000000087800000| 99%| S|CS|TAMS 0x0000000087700000, 0x0000000087700000| Complete 
| 120|0x0000000087800000, 0x0000000087800000, 0x0000000087900000|  0%| F|  |TAMS 0x0000000087800000, 0x0000000087800000| Untracked 
| 121|0x0000000087900000, 0x0000000087900000, 0x0000000087a00000|  0%| F|  |TAMS 0x0000000087900000, 0x0000000087900000| Untracked 
| 122|0x0000000087a00000, 0x0000000087a00000, 0x0000000087b00000|  0%| F|  |TAMS 0x0000000087a00000, 0x0000000087a00000| Untracked 
| 123|0x0000000087b00000, 0x0000000087c00000, 0x0000000087c00000|100%| S|CS|TAMS 0x0000000087b00000, 0x0000000087b00000| Complete 
| 124|0x0000000087c00000, 0x0000000087d00000, 0x0000000087d00000|100%| S|CS|TAMS 0x0000000087c00000, 0x0000000087c00000| Complete 
| 125|0x0000000087d00000, 0x0000000087e00000, 0x0000000087e00000|100%| S|CS|TAMS 0x0000000087d00000, 0x0000000087d00000| Complete 
| 126|0x0000000087e00000, 0x0000000087f00000, 0x0000000087f00000|100%| S|CS|TAMS 0x0000000087e00000, 0x0000000087e00000| Complete 
| 127|0x0000000087f00000, 0x0000000087f00000, 0x0000000088000000|  0%| F|  |TAMS 0x0000000087f00000, 0x0000000087f00000| Untracked 
| 128|0x0000000088000000, 0x0000000088000000, 0x0000000088100000|  0%| F|  |TAMS 0x0000000088000000, 0x0000000088000000| Untracked 
| 129|0x0000000088100000, 0x0000000088100000, 0x0000000088200000|  0%| F|  |TAMS 0x0000000088100000, 0x0000000088100000| Untracked 
| 130|0x0000000088200000, 0x0000000088300000, 0x0000000088300000|100%| S|CS|TAMS 0x0000000088200000, 0x0000000088200000| Complete 
| 131|0x0000000088300000, 0x0000000088300000, 0x0000000088400000|  0%| F|  |TAMS 0x0000000088300000, 0x0000000088300000| Untracked 
| 132|0x0000000088400000, 0x0000000088400000, 0x0000000088500000|  0%| F|  |TAMS 0x0000000088400000, 0x0000000088400000| Untracked 
| 133|0x0000000088500000, 0x0000000088500000, 0x0000000088600000|  0%| F|  |TAMS 0x0000000088500000, 0x0000000088500000| Untracked 
| 134|0x0000000088600000, 0x0000000088600000, 0x0000000088700000|  0%| F|  |TAMS 0x0000000088600000, 0x0000000088600000| Untracked 
| 135|0x0000000088700000, 0x0000000088700000, 0x0000000088800000|  0%| F|  |TAMS 0x0000000088700000, 0x0000000088700000| Untracked 
| 136|0x0000000088800000, 0x0000000088800000, 0x0000000088900000|  0%| F|  |TAMS 0x0000000088800000, 0x0000000088800000| Untracked 
| 137|0x0000000088900000, 0x0000000088900000, 0x0000000088a00000|  0%| F|  |TAMS 0x0000000088900000, 0x0000000088900000| Untracked 
| 138|0x0000000088a00000, 0x0000000088a00000, 0x0000000088b00000|  0%| F|  |TAMS 0x0000000088a00000, 0x0000000088a00000| Untracked 
| 139|0x0000000088b00000, 0x0000000088b00000, 0x0000000088c00000|  0%| F|  |TAMS 0x0000000088b00000, 0x0000000088b00000| Untracked 
| 140|0x0000000088c00000, 0x0000000088c00000, 0x0000000088d00000|  0%| F|  |TAMS 0x0000000088c00000, 0x0000000088c00000| Untracked 
| 141|0x0000000088d00000, 0x0000000088d00000, 0x0000000088e00000|  0%| F|  |TAMS 0x0000000088d00000, 0x0000000088d00000| Untracked 
| 142|0x0000000088e00000, 0x0000000088e00000, 0x0000000088f00000|  0%| F|  |TAMS 0x0000000088e00000, 0x0000000088e00000| Untracked 
| 143|0x0000000088f00000, 0x0000000088f00000, 0x0000000089000000|  0%| F|  |TAMS 0x0000000088f00000, 0x0000000088f00000| Untracked 
| 144|0x0000000089000000, 0x0000000089000000, 0x0000000089100000|  0%| F|  |TAMS 0x0000000089000000, 0x0000000089000000| Untracked 
| 145|0x0000000089100000, 0x0000000089100000, 0x0000000089200000|  0%| F|  |TAMS 0x0000000089100000, 0x0000000089100000| Untracked 
| 146|0x0000000089200000, 0x0000000089200000, 0x0000000089300000|  0%| F|  |TAMS 0x0000000089200000, 0x0000000089200000| Untracked 
| 147|0x0000000089300000, 0x0000000089300000, 0x0000000089400000|  0%| F|  |TAMS 0x0000000089300000, 0x0000000089300000| Untracked 
| 148|0x0000000089400000, 0x0000000089400000, 0x0000000089500000|  0%| F|  |TAMS 0x0000000089400000, 0x0000000089400000| Untracked 
| 149|0x0000000089500000, 0x0000000089500000, 0x0000000089600000|  0%| F|  |TAMS 0x0000000089500000, 0x0000000089500000| Untracked 
| 150|0x0000000089600000, 0x0000000089600000, 0x0000000089700000|  0%| F|  |TAMS 0x0000000089600000, 0x0000000089600000| Untracked 
| 151|0x0000000089700000, 0x0000000089700000, 0x0000000089800000|  0%| F|  |TAMS 0x0000000089700000, 0x0000000089700000| Untracked 
| 152|0x0000000089800000, 0x0000000089800000, 0x0000000089900000|  0%| F|  |TAMS 0x0000000089800000, 0x0000000089800000| Untracked 
| 153|0x0000000089900000, 0x0000000089900000, 0x0000000089a00000|  0%| F|  |TAMS 0x0000000089900000, 0x0000000089900000| Untracked 
| 154|0x0000000089a00000, 0x0000000089a00000, 0x0000000089b00000|  0%| F|  |TAMS 0x0000000089a00000, 0x0000000089a00000| Untracked 
| 155|0x0000000089b00000, 0x0000000089b00000, 0x0000000089c00000|  0%| F|  |TAMS 0x0000000089b00000, 0x0000000089b00000| Untracked 
| 156|0x0000000089c00000, 0x0000000089c00000, 0x0000000089d00000|  0%| F|  |TAMS 0x0000000089c00000, 0x0000000089c00000| Untracked 
| 157|0x0000000089d00000, 0x0000000089d00000, 0x0000000089e00000|  0%| F|  |TAMS 0x0000000089d00000, 0x0000000089d00000| Untracked 
| 158|0x0000000089e00000, 0x0000000089e00000, 0x0000000089f00000|  0%| F|  |TAMS 0x0000000089e00000, 0x0000000089e00000| Untracked 
| 159|0x0000000089f00000, 0x0000000089f00000, 0x000000008a000000|  0%| F|  |TAMS 0x0000000089f00000, 0x0000000089f00000| Untracked 
| 160|0x000000008a000000, 0x000000008a000000, 0x000000008a100000|  0%| F|  |TAMS 0x000000008a000000, 0x000000008a000000| Untracked 
| 161|0x000000008a100000, 0x000000008a100000, 0x000000008a200000|  0%| F|  |TAMS 0x000000008a100000, 0x000000008a100000| Untracked 
| 162|0x000000008a200000, 0x000000008a200000, 0x000000008a300000|  0%| F|  |TAMS 0x000000008a200000, 0x000000008a200000| Untracked 
| 163|0x000000008a300000, 0x000000008a300000, 0x000000008a400000|  0%| F|  |TAMS 0x000000008a300000, 0x000000008a300000| Untracked 
| 164|0x000000008a400000, 0x000000008a400000, 0x000000008a500000|  0%| F|  |TAMS 0x000000008a400000, 0x000000008a400000| Untracked 
| 165|0x000000008a500000, 0x000000008a500000, 0x000000008a600000|  0%| F|  |TAMS 0x000000008a500000, 0x000000008a500000| Untracked 
| 166|0x000000008a600000, 0x000000008a600000, 0x000000008a700000|  0%| F|  |TAMS 0x000000008a600000, 0x000000008a600000| Untracked 
| 167|0x000000008a700000, 0x000000008a700000, 0x000000008a800000|  0%| F|  |TAMS 0x000000008a700000, 0x000000008a700000| Untracked 
| 168|0x000000008a800000, 0x000000008a800000, 0x000000008a900000|  0%| F|  |TAMS 0x000000008a800000, 0x000000008a800000| Untracked 
| 169|0x000000008a900000, 0x000000008a900000, 0x000000008aa00000|  0%| F|  |TAMS 0x000000008a900000, 0x000000008a900000| Untracked 
| 170|0x000000008aa00000, 0x000000008aa00000, 0x000000008ab00000|  0%| F|  |TAMS 0x000000008aa00000, 0x000000008aa00000| Untracked 
| 171|0x000000008ab00000, 0x000000008ab00000, 0x000000008ac00000|  0%| F|  |TAMS 0x000000008ab00000, 0x000000008ab00000| Untracked 
| 172|0x000000008ac00000, 0x000000008ac00000, 0x000000008ad00000|  0%| F|  |TAMS 0x000000008ac00000, 0x000000008ac00000| Untracked 
| 173|0x000000008ad00000, 0x000000008ad00000, 0x000000008ae00000|  0%| F|  |TAMS 0x000000008ad00000, 0x000000008ad00000| Untracked 
| 174|0x000000008ae00000, 0x000000008ae00000, 0x000000008af00000|  0%| F|  |TAMS 0x000000008ae00000, 0x000000008ae00000| Untracked 
| 175|0x000000008af00000, 0x000000008af00000, 0x000000008b000000|  0%| F|  |TAMS 0x000000008af00000, 0x000000008af00000| Untracked 
| 176|0x000000008b000000, 0x000000008b000000, 0x000000008b100000|  0%| F|  |TAMS 0x000000008b000000, 0x000000008b000000| Untracked 
| 177|0x000000008b100000, 0x000000008b100000, 0x000000008b200000|  0%| F|  |TAMS 0x000000008b100000, 0x000000008b100000| Untracked 
| 178|0x000000008b200000, 0x000000008b200000, 0x000000008b300000|  0%| F|  |TAMS 0x000000008b200000, 0x000000008b200000| Untracked 
| 179|0x000000008b300000, 0x000000008b300000, 0x000000008b400000|  0%| F|  |TAMS 0x000000008b300000, 0x000000008b300000| Untracked 
| 180|0x000000008b400000, 0x000000008b400000, 0x000000008b500000|  0%| F|  |TAMS 0x000000008b400000, 0x000000008b400000| Untracked 
| 181|0x000000008b500000, 0x000000008b500000, 0x000000008b600000|  0%| F|  |TAMS 0x000000008b500000, 0x000000008b500000| Untracked 
| 182|0x000000008b600000, 0x000000008b600000, 0x000000008b700000|  0%| F|  |TAMS 0x000000008b600000, 0x000000008b600000| Untracked 
| 183|0x000000008b700000, 0x000000008b700000, 0x000000008b800000|  0%| F|  |TAMS 0x000000008b700000, 0x000000008b700000| Untracked 
| 184|0x000000008b800000, 0x000000008b800000, 0x000000008b900000|  0%| F|  |TAMS 0x000000008b800000, 0x000000008b800000| Untracked 
| 185|0x000000008b900000, 0x000000008b917910, 0x000000008ba00000|  9%| E|  |TAMS 0x000000008b900000, 0x000000008b900000| Complete 
| 186|0x000000008ba00000, 0x000000008bb00000, 0x000000008bb00000|100%| E|CS|TAMS 0x000000008ba00000, 0x000000008ba00000| Complete 
| 187|0x000000008bb00000, 0x000000008bc00000, 0x000000008bc00000|100%| E|CS|TAMS 0x000000008bb00000, 0x000000008bb00000| Complete 
| 188|0x000000008bc00000, 0x000000008bd00000, 0x000000008bd00000|100%| E|CS|TAMS 0x000000008bc00000, 0x000000008bc00000| Complete 
| 189|0x000000008bd00000, 0x000000008be00000, 0x000000008be00000|100%| E|CS|TAMS 0x000000008bd00000, 0x000000008bd00000| Complete 
| 190|0x000000008be00000, 0x000000008bf00000, 0x000000008bf00000|100%| E|CS|TAMS 0x000000008be00000, 0x000000008be00000| Complete 
| 191|0x000000008bf00000, 0x000000008c000000, 0x000000008c000000|100%| E|CS|TAMS 0x000000008bf00000, 0x000000008bf00000| Complete 
| 192|0x000000008c000000, 0x000000008c100000, 0x000000008c100000|100%| E|CS|TAMS 0x000000008c000000, 0x000000008c000000| Complete 
| 193|0x000000008c100000, 0x000000008c200000, 0x000000008c200000|100%| E|CS|TAMS 0x000000008c100000, 0x000000008c100000| Complete 
| 194|0x000000008c200000, 0x000000008c300000, 0x000000008c300000|100%| E|CS|TAMS 0x000000008c200000, 0x000000008c200000| Complete 
| 195|0x000000008c300000, 0x000000008c400000, 0x000000008c400000|100%| E|CS|TAMS 0x000000008c300000, 0x000000008c300000| Complete 
| 196|0x000000008c400000, 0x000000008c500000, 0x000000008c500000|100%| E|CS|TAMS 0x000000008c400000, 0x000000008c400000| Complete 
| 197|0x000000008c500000, 0x000000008c600000, 0x000000008c600000|100%| E|CS|TAMS 0x000000008c500000, 0x000000008c500000| Complete 
| 198|0x000000008c600000, 0x000000008c700000, 0x000000008c700000|100%| E|CS|TAMS 0x000000008c600000, 0x000000008c600000| Complete 
| 199|0x000000008c700000, 0x000000008c800000, 0x000000008c800000|100%| E|CS|TAMS 0x000000008c700000, 0x000000008c700000| Complete 
| 200|0x000000008c800000, 0x000000008c900000, 0x000000008c900000|100%| E|CS|TAMS 0x000000008c800000, 0x000000008c800000| Complete 
| 201|0x000000008c900000, 0x000000008ca00000, 0x000000008ca00000|100%| E|CS|TAMS 0x000000008c900000, 0x000000008c900000| Complete 

Card table byte_map: [0x0000019e4f990000,0x0000019e4fd90000] _byte_map_base: 0x0000019e4f590000

Marking Bits (Prev, Next): (CMBitMap*) 0x0000019e3aefdfe8, (CMBitMap*) 0x0000019e3aefe020
 Prev Bits: [0x0000019e50190000, 0x0000019e52190000)
 Next Bits: [0x0000019e52190000, 0x0000019e54190000)

Polling page: 0x0000019e3ad60000

Metaspace:

Usage:
  Non-class:     68.30 MB capacity,    67.02 MB ( 98%) used,     1.09 MB (  2%) free+waste,   194.50 KB ( <1%) overhead. 
      Class:     10.42 MB capacity,     9.77 MB ( 94%) used,   572.80 KB (  5%) free+waste,    89.75 KB ( <1%) overhead. 
       Both:     78.72 MB capacity,    76.79 MB ( 98%) used,     1.65 MB (  2%) free+waste,   284.25 KB ( <1%) overhead. 

Virtual space:
  Non-class space:       70.00 MB reserved,      68.42 MB ( 98%) committed 
      Class space:        1.00 GB reserved,      10.50 MB (  1%) committed 
             Both:        1.07 GB reserved,      78.92 MB (  7%) committed 

Chunk freelists:
   Non-Class:  60.00 KB
       Class:  16.00 KB
        Both:  76.00 KB

MaxMetaspaceSize: 17179869184.00 GB
CompressedClassSpaceSize: 1.00 GB

CodeHeap 'non-profiled nmethods': size=120064Kb used=4393Kb max_used=4393Kb free=115670Kb
 bounds [0x0000019e47c40000, 0x0000019e48090000, 0x0000019e4f180000]
CodeHeap 'profiled nmethods': size=120000Kb used=17349Kb max_used=17349Kb free=102650Kb
 bounds [0x0000019e40710000, 0x0000019e41810000, 0x0000019e47c40000]
CodeHeap 'non-nmethods': size=5696Kb used=2257Kb max_used=2306Kb free=3439Kb
 bounds [0x0000019e40180000, 0x0000019e403f0000, 0x0000019e40710000]
 total_blobs=8550 nmethods=7687 adapters=775
 compilation: enabled
              stopped_count=0, restarted_count=0
 full_count=0

Compilation events (20 events):
Event: 67.272 Thread 0x0000019e56dc0000 nmethod 7666 0x0000019e417cf290 code [0x0000019e417cf580, 0x0000019e417d05f8]
Event: 67.273 Thread 0x0000019e56dc0000 7667       3       java.util.LinkedList::<init> (11 bytes)
Event: 67.274 Thread 0x0000019e56dc0000 nmethod 7667 0x0000019e417d0b10 code [0x0000019e417d0d00, 0x0000019e417d10a8]
Event: 67.282 Thread 0x0000019e56dc0000 7668       3       org.gradle.internal.serialize.kryo.KryoBackedEncoder::writeNullableString (9 bytes)
Event: 67.282 Thread 0x0000019e56dc0000 nmethod 7668 0x0000019e417d1210 code [0x0000019e417d13c0, 0x0000019e417d1508]
Event: 67.287 Thread 0x0000019e56dc0000 7669       3       org.gradle.internal.component.external.model.DefaultModuleComponentIdentifier::getModule (10 bytes)
Event: 67.287 Thread 0x0000019e56dc0000 nmethod 7669 0x0000019e417d1610 code [0x0000019e417d17c0, 0x0000019e417d1988]
Event: 67.295 Thread 0x0000019e56dc0000 7670       3       java.util.Optional::orElseThrow (22 bytes)
Event: 67.296 Thread 0x0000019e56dc0000 nmethod 7670 0x0000019e417d1a90 code [0x0000019e417d1c60, 0x0000019e417d1f48]
Event: 67.316 Thread 0x0000019e56dc0000 7672       3       org.gradle.internal.resolve.result.DefaultBuildableModuleComponentMetaDataResolveResult::assertResolved (36 bytes)
Event: 67.317 Thread 0x0000019e56dc0000 nmethod 7672 0x0000019e417d2090 code [0x0000019e417d2260, 0x0000019e417d24c8]
Event: 67.318 Thread 0x0000019e56dc0000 7673       3       com.google.common.collect.ImmutableList::contains (14 bytes)
Event: 67.319 Thread 0x0000019e56dc0000 nmethod 7673 0x0000019e417d2610 code [0x0000019e417d27c0, 0x0000019e417d29c8]
Event: 67.319 Thread 0x0000019e56dc0000 7674       3       com.google.common.collect.ImmutableList::indexOf (14 bytes)
Event: 67.319 Thread 0x0000019e56dc0000 nmethod 7674 0x0000019e417d2a90 code [0x0000019e417d2c40, 0x0000019e417d2dc8]
Event: 67.319 Thread 0x0000019e56dc0000 7675       3       org.gradle.api.internal.artifacts.ivyservice.resolveengine.result.ComponentIdentifierSerializer::write (429 bytes)
Event: 67.323 Thread 0x0000019e56dc0000 nmethod 7675 0x0000019e417d2e90 code [0x0000019e417d3480, 0x0000019e417d65f8]
Event: 67.323 Thread 0x0000019e56dc0000 7676   !   3       org.gradle.internal.serialize.kryo.KryoBackedDecoder::readBytes (23 bytes)
Event: 67.324 Thread 0x0000019e56dc0000 nmethod 7676 0x0000019e417d7290 code [0x0000019e417d74a0, 0x0000019e417d7a28]
Event: 67.329 Thread 0x0000019e56dc0000 7677       3       java.io.File::getParent (65 bytes)

GC Heap History (20 events):
Event: 44.687 GC heap before
{Heap before GC invocations=63 (full 0):
 garbage-first heap   total 118784K, used 85954K [0x0000000080000000, 0x0000000100000000)
  region size 1024K, 17 young (17408K), 3 survivors (3072K)
 Metaspace       used 50670K, capacity 52222K, committed 52272K, reserved 1095680K
  class space    used 6456K, capacity 6997K, committed 7040K, reserved 1048576K
}
Event: 44.697 GC heap after
{Heap after GC invocations=64 (full 0):
 garbage-first heap   total 143360K, used 73965K [0x0000000080000000, 0x0000000100000000)
  region size 1024K, 2 young (2048K), 2 survivors (2048K)
 Metaspace       used 50670K, capacity 52222K, committed 52272K, reserved 1095680K
  class space    used 6456K, capacity 6997K, committed 7040K, reserved 1048576K
}
Event: 45.912 GC heap before
{Heap before GC invocations=64 (full 0):
 garbage-first heap   total 143360K, used 97517K [0x0000000080000000, 0x0000000100000000)
  region size 1024K, 25 young (25600K), 2 survivors (2048K)
 Metaspace       used 53829K, capacity 55449K, committed 55728K, reserved 1097728K
  class space    used 6847K, capacity 7370K, committed 7424K, reserved 1048576K
}
Event: 45.925 GC heap after
{Heap after GC invocations=65 (full 0):
 garbage-first heap   total 143360K, used 74692K [0x0000000080000000, 0x0000000100000000)
  region size 1024K, 3 young (3072K), 3 survivors (3072K)
 Metaspace       used 53829K, capacity 55449K, committed 55728K, reserved 1097728K
  class space    used 6847K, capacity 7370K, committed 7424K, reserved 1048576K
}
Event: 49.919 GC heap before
{Heap before GC invocations=66 (full 0):
 garbage-first heap   total 143360K, used 100292K [0x0000000080000000, 0x0000000100000000)
  region size 1024K, 28 young (28672K), 3 survivors (3072K)
 Metaspace       used 58008K, capacity 59617K, committed 59824K, reserved 1101824K
  class space    used 7297K, capacity 7842K, committed 7936K, reserved 1048576K
}
Event: 49.935 GC heap after
{Heap after GC invocations=67 (full 0):
 garbage-first heap   total 143360K, used 75758K [0x0000000080000000, 0x0000000100000000)
  region size 1024K, 2 young (2048K), 2 survivors (2048K)
 Metaspace       used 58008K, capacity 59617K, committed 59824K, reserved 1101824K
  class space    used 7297K, capacity 7842K, committed 7936K, reserved 1048576K
}
Event: 51.722 GC heap before
{Heap before GC invocations=67 (full 0):
 garbage-first heap   total 143360K, used 103406K [0x0000000080000000, 0x0000000100000000)
  region size 1024K, 29 young (29696K), 2 survivors (2048K)
 Metaspace       used 62031K, capacity 63704K, committed 63920K, reserved 1105920K
  class space    used 7811K, capacity 8433K, committed 8448K, reserved 1048576K
}
Event: 51.742 GC heap after
{Heap after GC invocations=68 (full 0):
 garbage-first heap   total 143360K, used 78994K [0x0000000080000000, 0x0000000100000000)
  region size 1024K, 4 young (4096K), 4 survivors (4096K)
 Metaspace       used 62031K, capacity 63704K, committed 63920K, reserved 1105920K
  class space    used 7811K, capacity 8433K, committed 8448K, reserved 1048576K
}
Event: 53.192 GC heap before
{Heap before GC invocations=69 (full 0):
 garbage-first heap   total 143360K, used 105618K [0x0000000080000000, 0x0000000100000000)
  region size 1024K, 31 young (31744K), 4 survivors (4096K)
 Metaspace       used 64400K, capacity 66269K, committed 66480K, reserved 1107968K
  class space    used 8095K, capacity 8704K, committed 8704K, reserved 1048576K
}
Event: 53.217 GC heap after
{Heap after GC invocations=70 (full 0):
 garbage-first heap   total 172032K, used 80679K [0x0000000080000000, 0x0000000100000000)
  region size 1024K, 2 young (2048K), 2 survivors (2048K)
 Metaspace       used 64400K, capacity 66269K, committed 66480K, reserved 1107968K
  class space    used 8095K, capacity 8704K, committed 8704K, reserved 1048576K
}
Event: 53.504 GC heap before
{Heap before GC invocations=70 (full 0):
 garbage-first heap   total 172032K, used 87847K [0x0000000080000000, 0x0000000100000000)
  region size 1024K, 10 young (10240K), 2 survivors (2048K)
 Metaspace       used 65106K, capacity 66918K, committed 67248K, reserved 1107968K
  class space    used 8197K, capacity 8835K, committed 8960K, reserved 1048576K
}
Event: 53.516 GC heap after
{Heap after GC invocations=71 (full 0):
 garbage-first heap   total 172032K, used 81350K [0x0000000080000000, 0x0000000100000000)
  region size 1024K, 3 young (3072K), 3 survivors (3072K)
 Metaspace       used 65106K, capacity 66918K, committed 67248K, reserved 1107968K
  class space    used 8197K, capacity 8835K, committed 8960K, reserved 1048576K
}
Event: 55.740 GC heap before
{Heap before GC invocations=72 (full 0):
 garbage-first heap   total 172032K, used 117190K [0x0000000080000000, 0x0000000100000000)
  region size 1024K, 37 young (37888K), 3 survivors (3072K)
 Metaspace       used 68088K, capacity 69803K, committed 70064K, reserved 1110016K
  class space    used 8564K, capacity 9152K, committed 9216K, reserved 1048576K
}
Event: 55.760 GC heap after
{Heap after GC invocations=73 (full 0):
 garbage-first heap   total 172032K, used 82590K [0x0000000080000000, 0x0000000100000000)
  region size 1024K, 4 young (4096K), 4 survivors (4096K)
 Metaspace       used 68088K, capacity 69803K, committed 70064K, reserved 1110016K
  class space    used 8564K, capacity 9152K, committed 9216K, reserved 1048576K
}
Event: 57.991 GC heap before
{Heap before GC invocations=73 (full 0):
 garbage-first heap   total 172032K, used 119454K [0x0000000080000000, 0x0000000100000000)
  region size 1024K, 40 young (40960K), 4 survivors (4096K)
 Metaspace       used 69944K, capacity 71853K, committed 72112K, reserved 1112064K
  class space    used 8797K, capacity 9451K, committed 9472K, reserved 1048576K
}
Event: 58.031 GC heap after
{Heap after GC invocations=74 (full 0):
 garbage-first heap   total 172032K, used 86387K [0x0000000080000000, 0x0000000100000000)
  region size 1024K, 5 young (5120K), 5 survivors (5120K)
 Metaspace       used 69944K, capacity 71853K, committed 72112K, reserved 1112064K
  class space    used 8797K, capacity 9451K, committed 9472K, reserved 1048576K
}
Event: 63.571 GC heap before
{Heap before GC invocations=75 (full 0):
 garbage-first heap   total 172032K, used 124275K [0x0000000080000000, 0x0000000100000000)
  region size 1024K, 42 young (43008K), 5 survivors (5120K)
 Metaspace       used 74245K, capacity 76119K, committed 76208K, reserved 1116160K
  class space    used 9499K, capacity 10163K, committed 10240K, reserved 1048576K
}
Event: 63.609 GC heap after
{Heap after GC invocations=76 (full 0):
 garbage-first heap   total 172032K, used 89360K [0x0000000080000000, 0x0000000100000000)
  region size 1024K, 6 young (6144K), 6 survivors (6144K)
 Metaspace       used 74245K, capacity 76119K, committed 76208K, reserved 1116160K
  class space    used 9499K, capacity 10163K, committed 10240K, reserved 1048576K
}
Event: 66.357 GC heap before
{Heap before GC invocations=76 (full 0):
 garbage-first heap   total 172032K, used 126224K [0x0000000080000000, 0x0000000100000000)
  region size 1024K, 43 young (44032K), 6 survivors (6144K)
 Metaspace       used 77857K, capacity 79805K, committed 79920K, reserved 1118208K
  class space    used 9917K, capacity 10556K, committed 10624K, reserved 1048576K
}
Event: 66.397 GC heap after
{Heap after GC invocations=77 (full 0):
 garbage-first heap   total 206848K, used 92720K [0x0000000080000000, 0x0000000100000000)
  region size 1024K, 6 young (6144K), 6 survivors (6144K)
 Metaspace       used 77857K, capacity 79805K, committed 79920K, reserved 1118208K
  class space    used 9917K, capacity 10556K, committed 10624K, reserved 1048576K
}

Deoptimization events (20 events):
Event: 66.525 Thread 0x0000019e58719000 DEOPT PACKING pc=0x0000019e47eb878c sp=0x00000037566f94a0
Event: 66.525 Thread 0x0000019e58719000 DEOPT UNPACKING pc=0x0000019e401a6ca9 sp=0x00000037566f9478 mode 2
Event: 66.546 Thread 0x0000019e58719000 Uncommon trap: trap_request=0xffffff4d fr.pc=0x0000019e47ea59dc relative=0x000000000000019c
Event: 66.546 Thread 0x0000019e58719000 Uncommon trap: reason=unstable_if action=reinterpret pc=0x0000019e47ea59dc method=com.esotericsoftware.kryo.io.Input.require(I)I @ 65 c2
Event: 66.546 Thread 0x0000019e58719000 DEOPT PACKING pc=0x0000019e47ea59dc sp=0x00000037566f93b0
Event: 66.546 Thread 0x0000019e58719000 DEOPT UNPACKING pc=0x0000019e401a6ca9 sp=0x00000037566f9360 mode 2
Event: 66.557 Thread 0x0000019e58719000 Uncommon trap: trap_request=0xffffff4d fr.pc=0x0000019e47ec7214 relative=0x00000000000001d4
Event: 66.557 Thread 0x0000019e58719000 Uncommon trap: reason=unstable_if action=reinterpret pc=0x0000019e47ec7214 method=com.esotericsoftware.kryo.io.Input.readVarInt(Z)I @ 42 c2
Event: 66.557 Thread 0x0000019e58719000 DEOPT PACKING pc=0x0000019e47ec7214 sp=0x00000037566f9350
Event: 66.557 Thread 0x0000019e58719000 DEOPT UNPACKING pc=0x0000019e401a6ca9 sp=0x00000037566f92f8 mode 2
Event: 66.891 Thread 0x0000019e58719000 Uncommon trap: trap_request=0xffffffde fr.pc=0x0000019e47f98ad4 relative=0x0000000000000534
Event: 66.891 Thread 0x0000019e58719000 Uncommon trap: reason=class_check action=maybe_recompile pc=0x0000019e47f98ad4 method=java.util.regex.Matcher.search(I)Z @ 121 c2
Event: 66.891 Thread 0x0000019e58719000 DEOPT PACKING pc=0x0000019e47f98ad4 sp=0x00000037566fa680
Event: 66.891 Thread 0x0000019e58719000 DEOPT UNPACKING pc=0x0000019e401a6ca9 sp=0x00000037566fa5c8 mode 2
Event: 67.141 Thread 0x0000019e58719000 Uncommon trap: trap_request=0xffffffbe fr.pc=0x0000019e47fb28c0 relative=0x0000000000000ba0
Event: 67.141 Thread 0x0000019e58719000 Uncommon trap: reason=profile_predicate action=maybe_recompile pc=0x0000019e47fb28c0 method=java.util.TreeMap.getEntryUsingComparator(Ljava/lang/Object;)Ljava/util/TreeMap$Entry; @ 19 c2
Event: 67.141 Thread 0x0000019e58719000 DEOPT PACKING pc=0x0000019e47fb28c0 sp=0x00000037566fa2b0
Event: 67.141 Thread 0x0000019e58719000 DEOPT UNPACKING pc=0x0000019e401a6ca9 sp=0x00000037566fa1d0 mode 2
Event: 67.191 Thread 0x0000019e58719000 DEOPT PACKING pc=0x0000019e412e1de4 sp=0x00000037566f9910
Event: 67.191 Thread 0x0000019e58719000 DEOPT UNPACKING pc=0x0000019e401a6abf sp=0x00000037566f8eb0 mode 0

Classes redefined (0 events):
No events

Internal exceptions (20 events):
Event: 64.330 Thread 0x0000019e58719000 Exception <a 'java/lang/ClassNotFoundException'{0x0000000089fa8b08}: org/jetbrains/plugins/gradle/model/web/WebConfigurationBeanInfo> (0x0000000089fa8b08) thrown at [./src/hotspot/share/classfile/systemDictionary.cpp, line 231]
Event: 64.331 Thread 0x0000019e58719000 Exception <a 'java/lang/ClassNotFoundException'{0x0000000089fba358}: org/jetbrains/plugins/gradle/model/web/WebConfigurationCustomizer> (0x0000000089fba358) thrown at [./src/hotspot/share/classfile/systemDictionary.cpp, line 231]
Event: 64.336 Thread 0x0000019e58719000 Exception <a 'java/lang/ClassNotFoundException'{0x0000000089ff11f8}: org/jetbrains/plugins/gradle/model/scala/ScalaModelBeanInfo> (0x0000000089ff11f8) thrown at [./src/hotspot/share/classfile/systemDictionary.cpp, line 231]
Event: 64.337 Thread 0x0000019e58719000 Exception <a 'java/lang/ClassNotFoundException'{0x0000000089e02d40}: org/jetbrains/plugins/gradle/model/scala/ScalaModelCustomizer> (0x0000000089e02d40) thrown at [./src/hotspot/share/classfile/systemDictionary.cpp, line 231]
Event: 64.786 Thread 0x0000019e58719000 Exception <a 'java/lang/NoSuchMethodError'{0x0000000089433848}: 'java.lang.Object java.lang.invoke.Invokers$Holder.linkToTargetMethod(java.lang.Object, java.lang.Object, java.lang.Object, java.lang.Object, java.lang.Object, java.lang.Object, java.lang.Object)'> (0x0000000089433848) thrown at [./src/hotspot/share/interpreter/linkResolver.cpp, line 773]
Event: 65.614 Thread 0x0000019e57ca3800 Exception <a 'java/lang/NoSuchMethodError'{0x0000000088c89510}: <clinit>> (0x0000000088c89510) thrown at [./src/hotspot/share/prims/jni.cpp, line 1362]
Event: 65.627 Thread 0x0000019e57ca3800 Exception <a 'java/lang/NoSuchMethodError'{0x0000000088c9db98}: <clinit>> (0x0000000088c9db98) thrown at [./src/hotspot/share/prims/jni.cpp, line 1362]
Event: 65.631 Thread 0x0000019e57ca3800 Exception <a 'java/lang/NoSuchMethodError'{0x0000000088caa7a0}: <clinit>> (0x0000000088caa7a0) thrown at [./src/hotspot/share/prims/jni.cpp, line 1362]
Event: 65.656 Thread 0x0000019e57ca3800 Exception <a 'java/lang/NoSuchMethodError'{0x0000000088cb6660}: <clinit>> (0x0000000088cb6660) thrown at [./src/hotspot/share/prims/jni.cpp, line 1362]
Event: 66.255 Thread 0x0000019e58719000 Exception <a 'java/lang/NoSuchMethodError'{0x00000000884a75c0}: <clinit>> (0x00000000884a75c0) thrown at [./src/hotspot/share/prims/jni.cpp, line 1362]
Event: 66.490 Thread 0x0000019e58719000 Exception <a 'sun/nio/fs/WindowsException'{0x000000008c974c48}> (0x000000008c974c48) thrown at [./src/hotspot/share/prims/jni.cpp, line 615]
Event: 66.932 Thread 0x0000019e58719000 Exception <a 'java/lang/NoSuchMethodError'{0x000000008c53f8a8}: <clinit>> (0x000000008c53f8a8) thrown at [./src/hotspot/share/prims/jni.cpp, line 1362]
Event: 66.941 Thread 0x0000019e58719000 Exception <a 'java/lang/ClassNotFoundException'{0x000000008c58abe0}: org/jetbrains/plugins/gradle/tooling/util/SourceSetCachedFinder$1BeanInfo> (0x000000008c58abe0) thrown at [./src/hotspot/share/classfile/systemDictionary.cpp, line 231]
Event: 66.941 Thread 0x0000019e58719000 Exception <a 'java/lang/ClassNotFoundException'{0x000000008c59d0b0}: org/jetbrains/plugins/gradle/tooling/util/SourceSetCachedFinder$1Customizer> (0x000000008c59d0b0) thrown at [./src/hotspot/share/classfile/systemDictionary.cpp, line 231]
Event: 66.947 Thread 0x0000019e58719000 Exception <a 'java/lang/ClassNotFoundException'{0x000000008c5d9a70}: org/jetbrains/plugins/gradle/tooling/util/SourceSetCachedFinder$2BeanInfo> (0x000000008c5d9a70) thrown at [./src/hotspot/share/classfile/systemDictionary.cpp, line 231]
Event: 66.947 Thread 0x0000019e58719000 Exception <a 'java/lang/ClassNotFoundException'{0x000000008c5ebf40}: org/jetbrains/plugins/gradle/tooling/util/SourceSetCachedFinder$2Customizer> (0x000000008c5ebf40) thrown at [./src/hotspot/share/classfile/systemDictionary.cpp, line 231]
Event: 66.951 Thread 0x0000019e58719000 Exception <a 'java/lang/ClassNotFoundException'{0x000000008c421eb0}: org/jetbrains/plugins/gradle/tooling/util/SourceSetCachedFinderBeanInfo> (0x000000008c421eb0) thrown at [./src/hotspot/share/classfile/systemDictionary.cpp, line 231]
Event: 66.952 Thread 0x0000019e58719000 Exception <a 'java/lang/ClassNotFoundException'{0x000000008c433008}: org/jetbrains/plugins/gradle/tooling/util/SourceSetCachedFinderCustomizer> (0x000000008c433008) thrown at [./src/hotspot/share/classfile/systemDictionary.cpp, line 231]
Event: 67.016 Thread 0x0000019e58719000 Exception <a 'java/lang/ClassNotFoundException'{0x000000008c4e1e70}: org/jetbrains/plugins/gradle/tooling/util/SourceSetCachedFinder$ArtifactsMapBeanInfo> (0x000000008c4e1e70) thrown at [./src/hotspot/share/classfile/systemDictionary.cpp, line 231]
Event: 67.017 Thread 0x0000019e58719000 Exception <a 'java/lang/ClassNotFoundException'{0x000000008c4f5748}: org/jetbrains/plugins/gradle/tooling/util/SourceSetCachedFinder$ArtifactsMapCustomizer> (0x000000008c4f5748) thrown at [./src/hotspot/share/classfile/systemDictionary.cpp, line 231]

Events (20 events):
Event: 67.169 loading class org/gradle/internal/component/model/ComponentResolveMetadata
Event: 67.169 loading class org/gradle/internal/component/model/ComponentResolveMetadata done
Event: 67.169 loading class org/gradle/internal/component/model/ComponentResolveMetadata
Event: 67.169 loading class org/gradle/internal/component/model/ComponentResolveMetadata done
Event: 67.169 loading class org/gradle/internal/component/model/ComponentResolveMetadata
Event: 67.169 loading class org/gradle/internal/component/model/ComponentResolveMetadata done
Event: 67.169 loading class org/gradle/internal/component/model/ComponentResolveMetadata
Event: 67.169 loading class org/gradle/internal/component/model/ComponentResolveMetadata done
Event: 67.170 loading class org/gradle/api/internal/artifacts/ivyservice/modulecache/artifacts/ArtifactsAtRepositoryKey
Event: 67.170 loading class org/gradle/api/internal/artifacts/ivyservice/modulecache/artifacts/ArtifactsAtRepositoryKey done
Event: 67.171 loading class org/gradle/api/internal/artifacts/ivyservice/modulecache/artifacts/DefaultModuleArtifactsCache$ModuleArtifactsKeySerializer
Event: 67.171 loading class org/gradle/api/internal/artifacts/ivyservice/modulecache/artifacts/DefaultModuleArtifactsCache$ModuleArtifactsKeySerializer done
Event: 67.172 loading class org/gradle/api/internal/artifacts/ivyservice/modulecache/artifacts/DefaultModuleArtifactsCache$ModuleArtifactsCacheEntrySerializer
Event: 67.172 loading class org/gradle/api/internal/artifacts/ivyservice/modulecache/artifacts/DefaultModuleArtifactsCache$ModuleArtifactsCacheEntrySerializer done
Event: 67.174 loading class org/gradle/api/internal/artifacts/metadata/ComponentArtifactMetadataSerializer
Event: 67.174 loading class org/gradle/api/internal/artifacts/metadata/ComponentArtifactMetadataSerializer done
Event: 67.188 loading class org/gradle/api/internal/artifacts/ivyservice/modulecache/artifacts/AbstractArtifactsCache$ModuleArtifactsCacheEntry
Event: 67.188 loading class org/gradle/api/internal/artifacts/ivyservice/modulecache/artifacts/AbstractArtifactsCache$ModuleArtifactsCacheEntry done
Event: 67.189 loading class org/gradle/api/internal/artifacts/ivyservice/modulecache/artifacts/DefaultCachedArtifacts
Event: 67.189 loading class org/gradle/api/internal/artifacts/ivyservice/modulecache/artifacts/DefaultCachedArtifacts done


Dynamic libraries:
0x00007ff6e8d80000 - 0x00007ff6e8d8a000 	C:\Program Files\Android\Android Studio\jre\bin\java.exe
0x00007ff88cd70000 - 0x00007ff88cf65000 	C:\WINDOWS\SYSTEM32\ntdll.dll
0x00007ff88bce0000 - 0x00007ff88bd9e000 	C:\WINDOWS\System32\KERNEL32.DLL
0x00007ff88a550000 - 0x00007ff88a818000 	C:\WINDOWS\System32\KERNELBASE.dll
0x00007ff88a820000 - 0x00007ff88a920000 	C:\WINDOWS\System32\ucrtbase.dll
0x00007ff8850d0000 - 0x00007ff8850e9000 	C:\Program Files\Android\Android Studio\jre\bin\jli.dll
0x00007ff88aec0000 - 0x00007ff88b061000 	C:\WINDOWS\System32\USER32.dll
0x00007ff88aa80000 - 0x00007ff88aaa2000 	C:\WINDOWS\System32\win32u.dll
0x00007ff88bf30000 - 0x00007ff88bf5b000 	C:\WINDOWS\System32\GDI32.dll
0x00007ff88ac80000 - 0x00007ff88ad8d000 	C:\WINDOWS\System32\gdi32full.dll
0x00007ff88aae0000 - 0x00007ff88ab7d000 	C:\WINDOWS\System32\msvcp_win.dll
0x00007ff884610000 - 0x00007ff884627000 	C:\Program Files\Android\Android Studio\jre\bin\VCRUNTIME140.dll
0x00007ff879a40000 - 0x00007ff879cda000 	C:\WINDOWS\WinSxS\amd64_microsoft.windows.common-controls_6595b64144ccf1df_6.0.19041.1110_none_60b5254171f9507e\COMCTL32.dll
0x00007ff88c3d0000 - 0x00007ff88c46e000 	C:\WINDOWS\System32\msvcrt.dll
0x00007ff88c4f0000 - 0x00007ff88c520000 	C:\WINDOWS\System32\IMM32.DLL
0x00007ff87d2c0000 - 0x00007ff87d35d000 	C:\Program Files\Android\Android Studio\jre\bin\msvcp140.dll
0x00007ff840ad0000 - 0x00007ff84159f000 	C:\Program Files\Android\Android Studio\jre\bin\server\jvm.dll
0x00007ff88c2c0000 - 0x00007ff88c36e000 	C:\WINDOWS\System32\ADVAPI32.dll
0x00007ff88ba40000 - 0x00007ff88badc000 	C:\WINDOWS\System32\sechost.dll
0x00007ff88be00000 - 0x00007ff88bf25000 	C:\WINDOWS\System32\RPCRT4.dll
0x00007ff88aeb0000 - 0x00007ff88aeb8000 	C:\WINDOWS\System32\PSAPI.DLL
0x00007ff8789a0000 - 0x00007ff8789a9000 	C:\WINDOWS\SYSTEM32\WSOCK32.dll
0x00007ff88b150000 - 0x00007ff88b1bb000 	C:\WINDOWS\System32\WS2_32.dll
0x00007ff87a810000 - 0x00007ff87a837000 	C:\WINDOWS\SYSTEM32\WINMM.dll
0x00007ff87bc60000 - 0x00007ff87bc6a000 	C:\WINDOWS\SYSTEM32\VERSION.dll
0x00007ff888350000 - 0x00007ff888362000 	C:\WINDOWS\SYSTEM32\kernel.appcore.dll
0x00007ff87cb90000 - 0x00007ff87cba1000 	C:\Program Files\Android\Android Studio\jre\bin\verify.dll
0x00007ff87c5c0000 - 0x00007ff87c7a4000 	C:\WINDOWS\SYSTEM32\DBGHELP.DLL
0x00007ff87c590000 - 0x00007ff87c5bc000 	C:\WINDOWS\SYSTEM32\dbgcore.DLL
0x00007ff88a4c0000 - 0x00007ff88a542000 	C:\WINDOWS\System32\bcryptPrimitives.dll
0x00007ff87c8b0000 - 0x00007ff87c8d9000 	C:\Program Files\Android\Android Studio\jre\bin\java.dll
0x00007ff884590000 - 0x00007ff88459b000 	C:\Program Files\Android\Android Studio\jre\bin\jimage.dll
0x00007ff87cb70000 - 0x00007ff87cb88000 	C:\Program Files\Android\Android Studio\jre\bin\zip.dll
0x00007ff88b2f0000 - 0x00007ff88ba34000 	C:\WINDOWS\System32\SHELL32.dll
0x00007ff888550000 - 0x00007ff888ce5000 	C:\WINDOWS\SYSTEM32\windows.storage.dll
0x00007ff88bf60000 - 0x00007ff88c2b5000 	C:\WINDOWS\System32\combase.dll
0x00007ff889de0000 - 0x00007ff889e0e000 	C:\WINDOWS\SYSTEM32\Wldp.dll
0x00007ff88b070000 - 0x00007ff88b11d000 	C:\WINDOWS\System32\SHCORE.dll
0x00007ff88b1c0000 - 0x00007ff88b215000 	C:\WINDOWS\System32\shlwapi.dll
0x00007ff88a3a0000 - 0x00007ff88a3bf000 	C:\WINDOWS\SYSTEM32\profapi.dll
0x00007ff87bd00000 - 0x00007ff87bd1a000 	C:\Program Files\Android\Android Studio\jre\bin\net.dll
0x00007ff87f800000 - 0x00007ff87f90c000 	C:\WINDOWS\SYSTEM32\WINHTTP.dll
0x00007ff889b40000 - 0x00007ff889baa000 	C:\WINDOWS\system32\mswsock.dll
0x00007ff8782b0000 - 0x00007ff8782c4000 	C:\Program Files\Android\Android Studio\jre\bin\nio.dll
0x00007ff885470000 - 0x00007ff885497000 	C:\Users\Medhok\.gradle\native\8bec1ad78214c89d9ad589b4d07fe93259594b29d510b10fafb7a158f7737e5d\windows-amd64\native-platform.dll
0x00007ff865810000 - 0x00007ff86594d000 	C:\Users\Medhok\.gradle\native\53dbd7edfb1c66fb8903c78663c9afc45aea4f116125fa6feffd364cf09443e8\windows-amd64\native-platform-file-events.dll
0x00007ff884460000 - 0x00007ff88446a000 	C:\Program Files\Android\Android Studio\jre\bin\management.dll
0x00007ff883ca0000 - 0x00007ff883cac000 	C:\Program Files\Android\Android Studio\jre\bin\management_ext.dll
0x00007ff889d30000 - 0x00007ff889d48000 	C:\WINDOWS\SYSTEM32\CRYPTSP.dll
0x00007ff8894c0000 - 0x00007ff8894f4000 	C:\WINDOWS\system32\rsaenh.dll
0x00007ff88aab0000 - 0x00007ff88aad7000 	C:\WINDOWS\System32\bcrypt.dll
0x00007ff88a320000 - 0x00007ff88a34e000 	C:\WINDOWS\SYSTEM32\USERENV.dll
0x00007ff889d50000 - 0x00007ff889d5c000 	C:\WINDOWS\SYSTEM32\CRYPTBASE.dll
0x00007ff889830000 - 0x00007ff88986b000 	C:\WINDOWS\SYSTEM32\IPHLPAPI.DLL
0x00007ff88c7c0000 - 0x00007ff88c7c8000 	C:\WINDOWS\System32\NSI.dll
0x00007ff87ff30000 - 0x00007ff87ff47000 	C:\WINDOWS\SYSTEM32\dhcpcsvc6.DLL
0x00007ff880070000 - 0x00007ff88008d000 	C:\WINDOWS\SYSTEM32\dhcpcsvc.DLL
0x00007ff8898c0000 - 0x00007ff88998b000 	C:\WINDOWS\SYSTEM32\DNSAPI.dll

dbghelp: loaded successfully - version: 4.0.5 - missing functions: none
symbol engine: initialized successfully - sym options: 0x614 - pdb path: .;C:\Program Files\Android\Android Studio\jre\bin;C:\WINDOWS\SYSTEM32;C:\WINDOWS\WinSxS\amd64_microsoft.windows.common-controls_6595b64144ccf1df_6.0.19041.1110_none_60b5254171f9507e;C:\Program Files\Android\Android Studio\jre\bin\server;C:\Users\Medhok\.gradle\native\8bec1ad78214c89d9ad589b4d07fe93259594b29d510b10fafb7a158f7737e5d\windows-amd64;C:\Users\Medhok\.gradle\native\53dbd7edfb1c66fb8903c78663c9afc45aea4f116125fa6feffd364cf09443e8\windows-amd64

VM Arguments:
jvm_args: --add-opens=java.base/java.util=ALL-UNNAMED --add-opens=java.base/java.lang=ALL-UNNAMED --add-opens=java.base/java.lang.invoke=ALL-UNNAMED --add-opens=java.base/java.util=ALL-UNNAMED --add-opens=java.prefs/java.util.prefs=ALL-UNNAMED --add-opens=java.prefs/java.util.prefs=ALL-UNNAMED --add-opens=java.base/java.nio.charset=ALL-UNNAMED --add-opens=java.base/java.net=ALL-UNNAMED --add-opens=java.base/java.util.concurrent.atomic=ALL-UNNAMED -Xmx2048m -Dfile.encoding=UTF-8 -Duser.country=US -Duser.language=en -Duser.variant 
java_command: org.gradle.launcher.daemon.bootstrap.GradleDaemon 7.0.2
java_class_path (initial): C:\Users\Medhok\.gradle\wrapper\dists\gradle-7.0.2-bin\857tjihv64xamwrf0h14cai3r\gradle-7.0.2\lib\gradle-launcher-7.0.2.jar
Launcher Type: SUN_STANDARD

[Global flags]
     intx CICompilerCount                          = 2                                         {product} {ergonomic}
     uint ConcGCThreads                            = 1                                         {product} {ergonomic}
     uint G1ConcRefinementThreads                  = 2                                         {product} {ergonomic}
   size_t G1HeapRegionSize                         = 1048576                                   {product} {ergonomic}
    uintx GCDrainStackTargetSize                   = 64                                        {product} {ergonomic}
   size_t InitialHeapSize                          = 65011712                                  {product} {ergonomic}
   size_t MarkStackSize                            = 4194304                                   {product} {ergonomic}
   size_t MaxHeapSize                              = 2147483648                                {product} {command line}
   size_t MaxNewSize                               = 1287651328                                {product} {ergonomic}
   size_t MinHeapDeltaBytes                        = 1048576                                   {product} {ergonomic}
    uintx NonNMethodCodeHeapSize                   = 5825164                                {pd product} {ergonomic}
    uintx NonProfiledCodeHeapSize                  = 122916538                              {pd product} {ergonomic}
    uintx ProfiledCodeHeapSize                     = 122916538                              {pd product} {ergonomic}
    uintx ReservedCodeCacheSize                    = 251658240                              {pd product} {ergonomic}
     bool SegmentedCodeCache                       = true                                      {product} {ergonomic}
     bool UseCompressedClassPointers               = true                                 {lp64_product} {ergonomic}
     bool UseCompressedOops                        = true                                 {lp64_product} {ergonomic}
     bool UseG1GC                                  = true                                      {product} {ergonomic}
     bool UseLargePagesIndividualAllocation        = false                                  {pd product} {ergonomic}

Logging:
Log output configuration:
 #0: stdout all=warning uptime,level,tags
 #1: stderr all=off uptime,level,tags

Environment Variables:
PATH=C:\oraclexe\app\oracle\product\11.2.0\server\bin;C:\Program Files\Common Files\Oracle\Java\javapath;C:\Users\Medhok\Anaconda3\Lib\site-packages\PyQt5;C:\Program Files (x86)\Common Files\Intel\Shared Files\cpp\bin\Intel64;C:\Program Files (x86)\AMD APP\bin\x86_64;C:\Program Files (x86)\AMD APP\bin\x86;C:\WINDOWS\system32;C:\WINDOWS;C:\WINDOWS\System32\Wbem;C:\WINDOWS\System32\WindowsPowerShell\v1.0\;C:\Program Files (x86)\Intel\OpenCL SDK\2.0\bin\x86;C:\Program Files (x86)\Intel\OpenCL SDK\2.0\bin\x64;C:\Program Files\Intel\WiFi\bin\;C:\Program Files\Common Files\Intel\WirelessCommon\;C:\Program Files (x86)\ATI Technologies\ATI.ACE\Core-Static;E:\Film\Microsoft VS Code\bin;C:\WINDOWS\System32\OpenSSH\;C:\Program Files (x86)\Microsoft SQL Server\100\Tools\Binn\;C:\Program Files\Microsoft SQL Server\100\Tools\Binn\;C:\Program Files\Microsoft SQL Server\100\DTS\Binn\;C:\Program Files\dotnet\;C:\Program Files\Git\cmd;C:\Program Files\Intel\WiFi\bin\;C:\Program Files\Common Files\Intel\WirelessCommon\;C:\Users\Medhok\AppData\Local\Microsoft\WindowsApps;C:\Users\Medhok\.dotnet\tools
USERNAME=Medhok
OS=Windows_NT
PROCESSOR_IDENTIFIER=Intel64 Family 6 Model 58 Stepping 9, GenuineIntel



---------------  S Y S T E M  ---------------

OS: Windows 10 , 64 bit Build 19041 (10.0.19041.1466)
OS uptime: 15 days 20:21 hours

CPU:total 2 (initial active 2) (2 cores per cpu, 1 threads per core) family 6 model 58 stepping 9 microcode 0x21, cmov, cx8, fxsr, mmx, sse, sse2, sse3, ssse3, sse4.1, sse4.2, popcnt, clmul, erms, tsc, tscinvbit, tscinv

Memory: 4k page, system-wide physical 3964M (350M free)
TotalPageFile size 8060M (AvailPageFile size 6M)
current process WorkingSet (physical memory assigned to process): 400M, peak: 400M
current process commit charge ("private bytes"): 444M, peak: 446M

vm_info: OpenJDK 64-Bit Server VM (11.0.10+0-b96-7249189) for windows-amd64 JRE (11.0.10+0-b96-7249189), built on Mar 31 2021 21:44:00 by "builder" with MS VC++ 14.0 (VS2015)

END.
