#
# There is insufficient memory for the Java Runtime Environment to continue.
# Native memory allocation (malloc) failed to allocate 668736 bytes for Chunk::new
# Possible reasons:
#   The system is out of physical RAM or swap space
#   The process is running with CompressedOops enabled, and the Java Heap may be blocking the growth of the native heap
# Possible solutions:
#   Reduce memory load on the system
#   Increase physical memory or swap space
#   Check if swap backing store is full
#   Decrease Java heap size (-Xmx/-Xms)
#   Decrease number of Java threads
#   Decrease Java thread stack sizes (-Xss)
#   Set larger code cache with -XX:ReservedCodeCacheSize=
#   JVM is running with Unscaled Compressed Oops mode in which the Java heap is
#     placed in the first 4GB address space. The Java Heap base address is the
#     maximum limit for the native heap growth. Please use -XX:HeapBaseMinAddress
#     to set the Java Heap base and to place the Java Heap above 4GB virtual address.
# This output file may be truncated or incomplete.
#
#  Out of Memory Error (./src/hotspot/share/memory/arena.cpp:197), pid=12956, tid=12700
#
# JRE version: OpenJDK Runtime Environment (11.0.10) (build 11.0.10+0-b96-7249189)
# Java VM: OpenJDK 64-Bit Server VM (11.0.10+0-b96-7249189, mixed mode, tiered, compressed oops, g1 gc, windows-amd64)
# No core dump will be written. Minidumps are not enabled by default on client versions of Windows
#

---------------  S U M M A R Y ------------

Command Line: --add-opens=java.base/java.util=ALL-UNNAMED --add-opens=java.base/java.lang=ALL-UNNAMED --add-opens=java.base/java.lang.invoke=ALL-UNNAMED --add-opens=java.base/java.util=ALL-UNNAMED --add-opens=java.prefs/java.util.prefs=ALL-UNNAMED --add-opens=java.prefs/java.util.prefs=ALL-UNNAMED --add-opens=java.base/java.nio.charset=ALL-UNNAMED --add-opens=java.base/java.net=ALL-UNNAMED --add-opens=java.base/java.util.concurrent.atomic=ALL-UNNAMED -Xmx2048m -Dfile.encoding=UTF-8 -Duser.country=US -Duser.language=en -Duser.variant org.gradle.launcher.daemon.bootstrap.GradleDaemon 7.0.2

Host: Intel(R) Pentium(R) CPU 2020M @ 2.40GHz, 2 cores, 3G,  Windows 10 , 64 bit Build 19041 (10.0.19041.1466)
Time: Tue Feb 15 19:33:30 2022 SE Asia Standard Time elapsed time: 185.990387 seconds (0d 0h 3m 5s)

---------------  T H R E A D  ---------------

Current thread (0x0000020e4fd3f000):  JavaThread "C2 CompilerThread0" daemon [_thread_in_native, id=12700, stack(0x000000a591900000,0x000000a591a00000)]


Current CompileTask:
C2: 185990 13058   !   4       java.net.URLClassLoader::defineClass (224 bytes)

Stack: [0x000000a591900000,0x000000a591a00000]
Native frames: (J=compiled Java code, j=interpreted, Vv=VM code, C=native code)
V  [jvm.dll+0x5ecfaa]
V  [jvm.dll+0x722bd5]
V  [jvm.dll+0x72412d]
V  [jvm.dll+0x7247e3]
V  [jvm.dll+0x242928]
V  [jvm.dll+0xbc4fc]
V  [jvm.dll+0xbca0c]
V  [jvm.dll+0x2b4fd4]
V  [jvm.dll+0x506028]
V  [jvm.dll+0x1fc985]
V  [jvm.dll+0x1fa77f]
V  [jvm.dll+0x18354c]
V  [jvm.dll+0x208ee7]
V  [jvm.dll+0x207731]
V  [jvm.dll+0x6eb1cf]
V  [jvm.dll+0x6e3d45]
V  [jvm.dll+0x5ebe96]
C  [ucrtbase.dll+0x21bb2]
C  [KERNEL32.DLL+0x17034]
C  [ntdll.dll+0x52651]


---------------  P R O C E S S  ---------------

Threads class SMR info:
_java_thread_list=0x0000020e55224040, length=38, elements={
0x0000020e3665e000, 0x0000020e4fcdd000, 0x0000020e4fce0800, 0x0000020e4fd3a800,
0x0000020e4fd3c000, 0x0000020e4fd3d000, 0x0000020e4fd3f000, 0x0000020e4fd6b000,
0x0000020e506ad000, 0x0000020e507a2000, 0x0000020e52d87800, 0x0000020e521f3000,
0x0000020e528d0000, 0x0000020e51f53000, 0x0000020e52da2800, 0x0000020e517de800,
0x0000020e518ec800, 0x0000020e518ed800, 0x0000020e516f8000, 0x0000020e516f9000,
0x0000020e516f9800, 0x0000020e516f7000, 0x0000020e52c4f800, 0x0000020e52c52000,
0x0000020e52c4e800, 0x0000020e52c50800, 0x0000020e52c51000, 0x0000020e52c4c000,
0x0000020e52c52800, 0x0000020e52c4d000, 0x0000020e52c4e000, 0x0000020e52c57000,
0x0000020e52c54800, 0x0000020e52c56000, 0x0000020e52c59800, 0x0000020e52c53800,
0x0000020e52c5b000, 0x0000020e52c5a000
}

Java Threads: ( => current thread )
  0x0000020e3665e000 JavaThread "main" [_thread_blocked, id=3616, stack(0x000000a590d00000,0x000000a590e00000)]
  0x0000020e4fcdd000 JavaThread "Reference Handler" daemon [_thread_blocked, id=8252, stack(0x000000a591400000,0x000000a591500000)]
  0x0000020e4fce0800 JavaThread "Finalizer" daemon [_thread_blocked, id=6204, stack(0x000000a591500000,0x000000a591600000)]
  0x0000020e4fd3a800 JavaThread "Signal Dispatcher" daemon [_thread_blocked, id=12276, stack(0x000000a591600000,0x000000a591700000)]
  0x0000020e4fd3c000 JavaThread "Attach Listener" daemon [_thread_blocked, id=10584, stack(0x000000a591700000,0x000000a591800000)]
  0x0000020e4fd3d000 JavaThread "Service Thread" daemon [_thread_blocked, id=4364, stack(0x000000a591800000,0x000000a591900000)]
=>0x0000020e4fd3f000 JavaThread "C2 CompilerThread0" daemon [_thread_in_native, id=12700, stack(0x000000a591900000,0x000000a591a00000)]
  0x0000020e4fd6b000 JavaThread "C1 CompilerThread0" daemon [_thread_blocked, id=9892, stack(0x000000a591a00000,0x000000a591b00000)]
  0x0000020e506ad000 JavaThread "Sweeper thread" daemon [_thread_blocked, id=3908, stack(0x000000a591b00000,0x000000a591c00000)]
  0x0000020e507a2000 JavaThread "Common-Cleaner" daemon [_thread_blocked, id=3464, stack(0x000000a591c00000,0x000000a591d00000)]
  0x0000020e52d87800 JavaThread "Daemon health stats" [_thread_blocked, id=12396, stack(0x000000a591f00000,0x000000a592000000)]
  0x0000020e521f3000 JavaThread "Incoming local TCP Connector on port 55282" [_thread_in_native, id=9956, stack(0x000000a592000000,0x000000a592100000)]
  0x0000020e528d0000 JavaThread "Daemon periodic checks" [_thread_blocked, id=12172, stack(0x000000a592100000,0x000000a592200000)]
  0x0000020e51f53000 JavaThread "Daemon" [_thread_blocked, id=5724, stack(0x000000a592200000,0x000000a592300000)]
  0x0000020e52da2800 JavaThread "Handler for socket connection from /127.0.0.1:55282 to /127.0.0.1:55283" [_thread_in_native, id=7420, stack(0x000000a592300000,0x000000a592400000)]
  0x0000020e517de800 JavaThread "Cancel handler" [_thread_blocked, id=13280, stack(0x000000a592400000,0x000000a592500000)]
  0x0000020e518ec800 JavaThread "Daemon worker" [_thread_blocked, id=6600, stack(0x000000a592500000,0x000000a592600000)]
  0x0000020e518ed800 JavaThread "Asynchronous log dispatcher for DefaultDaemonConnection: socket connection from /127.0.0.1:55282 to /127.0.0.1:55283" [_thread_blocked, id=12516, stack(0x000000a592600000,0x000000a592700000)]
  0x0000020e516f8000 JavaThread "Daemon client event forwarder" [_thread_blocked, id=11140, stack(0x000000a592800000,0x000000a592900000)]
  0x0000020e516f9000 JavaThread "Cache worker for file hash cache (C:\Users\Medhok\.gradle\caches\7.0.2\fileHashes)" [_thread_blocked, id=8032, stack(0x000000a592900000,0x000000a592a00000)]
  0x0000020e516f9800 JavaThread "File lock request listener" [_thread_in_native, id=9924, stack(0x000000a592a00000,0x000000a592b00000)]
  0x0000020e516f7000 JavaThread "Cache worker for journal cache (C:\Users\Medhok\.gradle\caches\journal-1)" [_thread_blocked, id=9748, stack(0x000000a592b00000,0x000000a592c00000)]
  0x0000020e52c4f800 JavaThread "Cache worker for file hash cache (D:\UASPBB-main\.gradle\7.0.2\fileHashes)" [_thread_blocked, id=3164, stack(0x000000a592c00000,0x000000a592d00000)]
  0x0000020e52c52000 JavaThread "File watcher server" daemon [_thread_in_native, id=1344, stack(0x000000a592d00000,0x000000a592e00000)]
  0x0000020e52c4e800 JavaThread "File watcher consumer" daemon [_thread_blocked, id=12740, stack(0x000000a592e00000,0x000000a592f00000)]
  0x0000020e52c50800 JavaThread "jar transforms" [_thread_blocked, id=11440, stack(0x000000a592f00000,0x000000a593000000)]
  0x0000020e52c51000 JavaThread "jar transforms Thread 2" [_thread_blocked, id=12528, stack(0x000000a593000000,0x000000a593100000)]
  0x0000020e52c4c000 JavaThread "Cache worker for checksums cache (D:\UASPBB-main\.gradle\checksums)" [_thread_blocked, id=3208, stack(0x000000a593100000,0x000000a593200000)]
  0x0000020e52c52800 JavaThread "Cache worker for cache directory md-supplier (C:\Users\Medhok\.gradle\caches\7.0.2\md-supplier)" [_thread_blocked, id=10924, stack(0x000000a593200000,0x000000a593300000)]
  0x0000020e52c4d000 JavaThread "Cache worker for cache directory md-rule (C:\Users\Medhok\.gradle\caches\7.0.2\md-rule)" [_thread_blocked, id=7436, stack(0x000000a593300000,0x000000a593400000)]
  0x0000020e52c4e000 JavaThread "Cache worker for execution history cache (C:\Users\Medhok\.gradle\caches\7.0.2\executionHistory)" [_thread_blocked, id=11712, stack(0x000000a593400000,0x000000a593500000)]
  0x0000020e52c57000 JavaThread "Cache worker for file content cache (C:\Users\Medhok\.gradle\caches\7.0.2\fileContent)" [_thread_blocked, id=11928, stack(0x000000a593500000,0x000000a593600000)]
  0x0000020e52c54800 JavaThread "Cache worker for dependencies-accessors (D:\UASPBB-main\.gradle\7.0.2\dependencies-accessors)" [_thread_blocked, id=9740, stack(0x000000a593600000,0x000000a593700000)]
  0x0000020e52c56000 JavaThread "Cache worker for Build Output Cleanup Cache (D:\UASPBB-main\.gradle\buildOutputCleanup)" [_thread_blocked, id=4160, stack(0x000000a593700000,0x000000a593800000)]
  0x0000020e52c59800 JavaThread "Build operations" [_thread_blocked, id=880, stack(0x000000a593a00000,0x000000a593b00000)]
  0x0000020e52c53800 JavaThread "Build operations Thread 2" [_thread_in_Java, id=10652, stack(0x000000a593b00000,0x000000a593c00000)]
  0x0000020e52c5b000 JavaThread "Memory manager" [_thread_blocked, id=2840, stack(0x000000a590a00000,0x000000a590b00000)]
  0x0000020e52c5a000 JavaThread "pool-3-thread-1" [_thread_blocked, id=3124, stack(0x000000a590b00000,0x000000a590c00000)]

Other Threads:
  0x0000020e4fcd6000 VMThread "VM Thread" [stack: 0x000000a591300000,0x000000a591400000] [id=5296]
  0x0000020e507ce800 WatcherThread [stack: 0x000000a591d00000,0x000000a591e00000] [id=4696]
  0x0000020e36675000 GCTaskThread "GC Thread#0" [stack: 0x000000a590e00000,0x000000a590f00000] [id=12608]
  0x0000020e508b5000 GCTaskThread "GC Thread#1" [stack: 0x000000a591e00000,0x000000a591f00000] [id=2844]
  0x0000020e366a8000 ConcurrentGCThread "G1 Main Marker" [stack: 0x000000a590f00000,0x000000a591000000] [id=7596]
  0x0000020e366a9000 ConcurrentGCThread "G1 Conc#0" [stack: 0x000000a591000000,0x000000a591100000] [id=6384]
  0x0000020e366f7800 ConcurrentGCThread "G1 Refine#0" [stack: 0x000000a591100000,0x000000a591200000] [id=8824]
  0x0000020e366f8800 ConcurrentGCThread "G1 Young RemSet Sampling" [stack: 0x000000a591200000,0x000000a591300000] [id=10476]

Threads with active compile tasks:
C2 CompilerThread0 187524 13058   !   4       java.net.URLClassLoader::defineClass (224 bytes)

VM state:not at safepoint (normal execution)

VM Mutex/Monitor currently owned by a thread: None

Heap address: 0x0000000080000000, size: 2048 MB, Compressed Oops mode: 32-bit
Narrow klass base: 0x0000000000000000, Narrow klass shift: 3
Compressed class space size: 1073741824 Address: 0x0000000100000000

Heap:
 garbage-first heap   total 164864K, used 130519K [0x0000000080000000, 0x0000000100000000)
  region size 1024K, 10 young (10240K), 1 survivors (1024K)
 Metaspace       used 106311K, capacity 108923K, committed 109056K, reserved 1144832K
  class space    used 13319K, capacity 14214K, committed 14336K, reserved 1048576K
Heap Regions: E=young(eden), S=young(survivor), O=old, HS=humongous(starts), HC=humongous(continues), CS=collection set, F=free, A=archive, TAMS=top-at-mark-start (previous, next)
|   0|0x0000000080000000, 0x0000000080100000, 0x0000000080100000|100%| O|  |TAMS 0x0000000080100000, 0x0000000080100000| Untracked 
|   1|0x0000000080100000, 0x0000000080200000, 0x0000000080200000|100%| O|  |TAMS 0x0000000080200000, 0x0000000080200000| Untracked 
|   2|0x0000000080200000, 0x0000000080300000, 0x0000000080300000|100%| O|  |TAMS 0x0000000080300000, 0x0000000080300000| Untracked 
|   3|0x0000000080300000, 0x0000000080400000, 0x0000000080400000|100%| O|  |TAMS 0x0000000080400000, 0x0000000080400000| Untracked 
|   4|0x0000000080400000, 0x0000000080500000, 0x0000000080500000|100%|HS|  |TAMS 0x0000000080500000, 0x0000000080500000| Complete 
|   5|0x0000000080500000, 0x0000000080600000, 0x0000000080600000|100%|HC|  |TAMS 0x0000000080600000, 0x0000000080600000| Complete 
|   6|0x0000000080600000, 0x0000000080700000, 0x0000000080700000|100%|HC|  |TAMS 0x0000000080700000, 0x0000000080700000| Complete 
|   7|0x0000000080700000, 0x0000000080800000, 0x0000000080800000|100%| O|  |TAMS 0x0000000080800000, 0x0000000080800000| Untracked 
|   8|0x0000000080800000, 0x0000000080900000, 0x0000000080900000|100%| O|  |TAMS 0x0000000080900000, 0x0000000080900000| Untracked 
|   9|0x0000000080900000, 0x0000000080a00000, 0x0000000080a00000|100%| O|  |TAMS 0x0000000080a00000, 0x0000000080a00000| Untracked 
|  10|0x0000000080a00000, 0x0000000080b00000, 0x0000000080b00000|100%| O|  |TAMS 0x0000000080b00000, 0x0000000080b00000| Untracked 
|  11|0x0000000080b00000, 0x0000000080c00000, 0x0000000080c00000|100%| O|  |TAMS 0x0000000080c00000, 0x0000000080c00000| Untracked 
|  12|0x0000000080c00000, 0x0000000080d00000, 0x0000000080d00000|100%| O|  |TAMS 0x0000000080d00000, 0x0000000080d00000| Untracked 
|  13|0x0000000080d00000, 0x0000000080e00000, 0x0000000080e00000|100%| O|  |TAMS 0x0000000080e00000, 0x0000000080e00000| Untracked 
|  14|0x0000000080e00000, 0x0000000080f00000, 0x0000000080f00000|100%| O|  |TAMS 0x0000000080f00000, 0x0000000080f00000| Untracked 
|  15|0x0000000080f00000, 0x0000000081000000, 0x0000000081000000|100%|HS|  |TAMS 0x0000000081000000, 0x0000000081000000| Complete 
|  16|0x0000000081000000, 0x0000000081100000, 0x0000000081100000|100%|HC|  |TAMS 0x0000000081100000, 0x0000000081100000| Complete 
|  17|0x0000000081100000, 0x0000000081200000, 0x0000000081200000|100%|HS|  |TAMS 0x0000000081200000, 0x0000000081200000| Complete 
|  18|0x0000000081200000, 0x0000000081300000, 0x0000000081300000|100%|HC|  |TAMS 0x0000000081300000, 0x0000000081300000| Complete 
|  19|0x0000000081300000, 0x0000000081400000, 0x0000000081400000|100%|HC|  |TAMS 0x0000000081400000, 0x0000000081400000| Complete 
|  20|0x0000000081400000, 0x0000000081500000, 0x0000000081500000|100%| O|  |TAMS 0x0000000081500000, 0x0000000081500000| Untracked 
|  21|0x0000000081500000, 0x0000000081600000, 0x0000000081600000|100%| O|  |TAMS 0x0000000081600000, 0x0000000081600000| Untracked 
|  22|0x0000000081600000, 0x0000000081700000, 0x0000000081700000|100%|HS|  |TAMS 0x0000000081700000, 0x0000000081700000| Complete 
|  23|0x0000000081700000, 0x0000000081800000, 0x0000000081800000|100%|HC|  |TAMS 0x0000000081800000, 0x0000000081800000| Complete 
|  24|0x0000000081800000, 0x0000000081900000, 0x0000000081900000|100%|HC|  |TAMS 0x0000000081900000, 0x0000000081900000| Complete 
|  25|0x0000000081900000, 0x0000000081a00000, 0x0000000081a00000|100%|HC|  |TAMS 0x0000000081a00000, 0x0000000081a00000| Complete 
|  26|0x0000000081a00000, 0x0000000081b00000, 0x0000000081b00000|100%|HC|  |TAMS 0x0000000081b00000, 0x0000000081b00000| Complete 
|  27|0x0000000081b00000, 0x0000000081c00000, 0x0000000081c00000|100%| O|  |TAMS 0x0000000081c00000, 0x0000000081c00000| Untracked 
|  28|0x0000000081c00000, 0x0000000081d00000, 0x0000000081d00000|100%| O|  |TAMS 0x0000000081d00000, 0x0000000081d00000| Untracked 
|  29|0x0000000081d00000, 0x0000000081e00000, 0x0000000081e00000|100%| O|  |TAMS 0x0000000081e00000, 0x0000000081e00000| Untracked 
|  30|0x0000000081e00000, 0x0000000081f00000, 0x0000000081f00000|100%| O|  |TAMS 0x0000000081f00000, 0x0000000081f00000| Untracked 
|  31|0x0000000081f00000, 0x0000000082000000, 0x0000000082000000|100%| O|  |TAMS 0x0000000082000000, 0x0000000082000000| Untracked 
|  32|0x0000000082000000, 0x0000000082100000, 0x0000000082100000|100%| O|  |TAMS 0x0000000082100000, 0x0000000082100000| Untracked 
|  33|0x0000000082100000, 0x0000000082200000, 0x0000000082200000|100%| O|  |TAMS 0x0000000082200000, 0x0000000082200000| Untracked 
|  34|0x0000000082200000, 0x0000000082300000, 0x0000000082300000|100%| O|  |TAMS 0x0000000082300000, 0x0000000082300000| Untracked 
|  35|0x0000000082300000, 0x0000000082400000, 0x0000000082400000|100%| O|  |TAMS 0x0000000082400000, 0x0000000082400000| Untracked 
|  36|0x0000000082400000, 0x0000000082500000, 0x0000000082500000|100%| O|  |TAMS 0x0000000082500000, 0x0000000082500000| Untracked 
|  37|0x0000000082500000, 0x0000000082600000, 0x0000000082600000|100%| O|  |TAMS 0x0000000082600000, 0x0000000082600000| Untracked 
|  38|0x0000000082600000, 0x0000000082700000, 0x0000000082700000|100%| O|  |TAMS 0x0000000082700000, 0x0000000082700000| Untracked 
|  39|0x0000000082700000, 0x0000000082800000, 0x0000000082800000|100%| O|  |TAMS 0x0000000082800000, 0x0000000082800000| Untracked 
|  40|0x0000000082800000, 0x0000000082900000, 0x0000000082900000|100%|HS|  |TAMS 0x0000000082900000, 0x0000000082900000| Complete 
|  41|0x0000000082900000, 0x0000000082a00000, 0x0000000082a00000|100%|HC|  |TAMS 0x0000000082a00000, 0x0000000082a00000| Complete 
|  42|0x0000000082a00000, 0x0000000082b00000, 0x0000000082b00000|100%|HC|  |TAMS 0x0000000082b00000, 0x0000000082b00000| Complete 
|  43|0x0000000082b00000, 0x0000000082c00000, 0x0000000082c00000|100%|HC|  |TAMS 0x0000000082c00000, 0x0000000082c00000| Complete 
|  44|0x0000000082c00000, 0x0000000082d00000, 0x0000000082d00000|100%|HC|  |TAMS 0x0000000082d00000, 0x0000000082d00000| Complete 
|  45|0x0000000082d00000, 0x0000000082e00000, 0x0000000082e00000|100%| O|  |TAMS 0x0000000082e00000, 0x0000000082e00000| Untracked 
|  46|0x0000000082e00000, 0x0000000082f00000, 0x0000000082f00000|100%| O|  |TAMS 0x0000000082f00000, 0x0000000082f00000| Untracked 
|  47|0x0000000082f00000, 0x0000000083000000, 0x0000000083000000|100%| O|  |TAMS 0x0000000083000000, 0x0000000083000000| Untracked 
|  48|0x0000000083000000, 0x0000000083100000, 0x0000000083100000|100%| O|  |TAMS 0x0000000083100000, 0x0000000083100000| Untracked 
|  49|0x0000000083100000, 0x0000000083200000, 0x0000000083200000|100%|HS|  |TAMS 0x0000000083200000, 0x0000000083200000| Complete 
|  50|0x0000000083200000, 0x0000000083300000, 0x0000000083300000|100%|HC|  |TAMS 0x0000000083300000, 0x0000000083300000| Complete 
|  51|0x0000000083300000, 0x0000000083400000, 0x0000000083400000|100%|HC|  |TAMS 0x0000000083400000, 0x0000000083400000| Complete 
|  52|0x0000000083400000, 0x0000000083500000, 0x0000000083500000|100%| O|  |TAMS 0x0000000083500000, 0x0000000083500000| Untracked 
|  53|0x0000000083500000, 0x0000000083600000, 0x0000000083600000|100%| O|  |TAMS 0x0000000083600000, 0x0000000083600000| Untracked 
|  54|0x0000000083600000, 0x0000000083700000, 0x0000000083700000|100%| O|  |TAMS 0x0000000083700000, 0x0000000083700000| Untracked 
|  55|0x0000000083700000, 0x0000000083800000, 0x0000000083800000|100%| O|  |TAMS 0x0000000083800000, 0x0000000083800000| Untracked 
|  56|0x0000000083800000, 0x0000000083900000, 0x0000000083900000|100%| O|  |TAMS 0x0000000083900000, 0x0000000083900000| Untracked 
|  57|0x0000000083900000, 0x0000000083a00000, 0x0000000083a00000|100%| O|  |TAMS 0x0000000083a00000, 0x0000000083a00000| Untracked 
|  58|0x0000000083a00000, 0x0000000083b00000, 0x0000000083b00000|100%| O|  |TAMS 0x0000000083b00000, 0x0000000083b00000| Untracked 
|  59|0x0000000083b00000, 0x0000000083c00000, 0x0000000083c00000|100%|HS|  |TAMS 0x0000000083c00000, 0x0000000083c00000| Complete 
|  60|0x0000000083c00000, 0x0000000083d00000, 0x0000000083d00000|100%| O|  |TAMS 0x0000000083d00000, 0x0000000083d00000| Untracked 
|  61|0x0000000083d00000, 0x0000000083e00000, 0x0000000083e00000|100%| O|  |TAMS 0x0000000083e00000, 0x0000000083e00000| Untracked 
|  62|0x0000000083e00000, 0x0000000083f00000, 0x0000000083f00000|100%|HS|  |TAMS 0x0000000083f00000, 0x0000000083f00000| Complete 
|  63|0x0000000083f00000, 0x0000000084000000, 0x0000000084000000|100%|HS|  |TAMS 0x0000000084000000, 0x0000000084000000| Complete 
|  64|0x0000000084000000, 0x0000000084100000, 0x0000000084100000|100%|HS|  |TAMS 0x0000000084100000, 0x0000000084100000| Complete 
|  65|0x0000000084100000, 0x0000000084200000, 0x0000000084200000|100%|HC|  |TAMS 0x0000000084200000, 0x0000000084200000| Complete 
|  66|0x0000000084200000, 0x0000000084300000, 0x0000000084300000|100%|HC|  |TAMS 0x0000000084300000, 0x0000000084300000| Complete 
|  67|0x0000000084300000, 0x0000000084400000, 0x0000000084400000|100%|HS|  |TAMS 0x0000000084400000, 0x0000000084400000| Complete 
|  68|0x0000000084400000, 0x0000000084500000, 0x0000000084500000|100%|HC|  |TAMS 0x0000000084500000, 0x0000000084500000| Complete 
|  69|0x0000000084500000, 0x0000000084600000, 0x0000000084600000|100%| O|  |TAMS 0x0000000084600000, 0x0000000084600000| Untracked 
|  70|0x0000000084600000, 0x0000000084700000, 0x0000000084700000|100%| O|  |TAMS 0x0000000084700000, 0x0000000084700000| Untracked 
|  71|0x0000000084700000, 0x0000000084800000, 0x0000000084800000|100%| O|  |TAMS 0x0000000084800000, 0x0000000084800000| Untracked 
|  72|0x0000000084800000, 0x0000000084900000, 0x0000000084900000|100%| O|  |TAMS 0x0000000084900000, 0x0000000084900000| Untracked 
|  73|0x0000000084900000, 0x0000000084a00000, 0x0000000084a00000|100%| O|  |TAMS 0x0000000084a00000, 0x0000000084a00000| Untracked 
|  74|0x0000000084a00000, 0x0000000084b00000, 0x0000000084b00000|100%| O|  |TAMS 0x0000000084b00000, 0x0000000084b00000| Untracked 
|  75|0x0000000084b00000, 0x0000000084c00000, 0x0000000084c00000|100%| O|  |TAMS 0x0000000084c00000, 0x0000000084c00000| Untracked 
|  76|0x0000000084c00000, 0x0000000084d00000, 0x0000000084d00000|100%| O|  |TAMS 0x0000000084d00000, 0x0000000084d00000| Untracked 
|  77|0x0000000084d00000, 0x0000000084e00000, 0x0000000084e00000|100%| O|  |TAMS 0x0000000084e00000, 0x0000000084e00000| Untracked 
|  78|0x0000000084e00000, 0x0000000084f00000, 0x0000000084f00000|100%| O|  |TAMS 0x0000000084f00000, 0x0000000084f00000| Untracked 
|  79|0x0000000084f00000, 0x0000000085000000, 0x0000000085000000|100%| O|  |TAMS 0x0000000085000000, 0x0000000085000000| Untracked 
|  80|0x0000000085000000, 0x0000000085100000, 0x0000000085100000|100%| O|  |TAMS 0x0000000085100000, 0x0000000085100000| Untracked 
|  81|0x0000000085100000, 0x0000000085200000, 0x0000000085200000|100%| O|  |TAMS 0x0000000085200000, 0x0000000085200000| Untracked 
|  82|0x0000000085200000, 0x0000000085300000, 0x0000000085300000|100%| O|  |TAMS 0x0000000085300000, 0x0000000085300000| Untracked 
|  83|0x0000000085300000, 0x0000000085400000, 0x0000000085400000|100%| O|  |TAMS 0x0000000085400000, 0x0000000085400000| Untracked 
|  84|0x0000000085400000, 0x0000000085500000, 0x0000000085500000|100%| O|  |TAMS 0x0000000085500000, 0x0000000085500000| Untracked 
|  85|0x0000000085500000, 0x0000000085600000, 0x0000000085600000|100%| O|  |TAMS 0x0000000085600000, 0x0000000085600000| Untracked 
|  86|0x0000000085600000, 0x0000000085700000, 0x0000000085700000|100%| O|  |TAMS 0x0000000085700000, 0x0000000085700000| Untracked 
|  87|0x0000000085700000, 0x0000000085800000, 0x0000000085800000|100%| O|  |TAMS 0x0000000085800000, 0x0000000085800000| Untracked 
|  88|0x0000000085800000, 0x0000000085900000, 0x0000000085900000|100%| O|  |TAMS 0x0000000085900000, 0x0000000085900000| Untracked 
|  89|0x0000000085900000, 0x0000000085a00000, 0x0000000085a00000|100%| O|  |TAMS 0x0000000085a00000, 0x0000000085a00000| Untracked 
|  90|0x0000000085a00000, 0x0000000085b00000, 0x0000000085b00000|100%| O|  |TAMS 0x0000000085b00000, 0x0000000085b00000| Untracked 
|  91|0x0000000085b00000, 0x0000000085c00000, 0x0000000085c00000|100%| O|  |TAMS 0x0000000085c00000, 0x0000000085c00000| Untracked 
|  92|0x0000000085c00000, 0x0000000085d00000, 0x0000000085d00000|100%| O|  |TAMS 0x0000000085d00000, 0x0000000085d00000| Untracked 
|  93|0x0000000085d00000, 0x0000000085e00000, 0x0000000085e00000|100%| O|  |TAMS 0x0000000085e00000, 0x0000000085e00000| Untracked 
|  94|0x0000000085e00000, 0x0000000085f00000, 0x0000000085f00000|100%| O|  |TAMS 0x0000000085f00000, 0x0000000085f00000| Untracked 
|  95|0x0000000085f00000, 0x0000000086000000, 0x0000000086000000|100%| O|  |TAMS 0x0000000086000000, 0x0000000086000000| Untracked 
|  96|0x0000000086000000, 0x0000000086100000, 0x0000000086100000|100%| O|  |TAMS 0x0000000086100000, 0x0000000086100000| Untracked 
|  97|0x0000000086100000, 0x0000000086200000, 0x0000000086200000|100%| O|  |TAMS 0x0000000086200000, 0x0000000086200000| Untracked 
|  98|0x0000000086200000, 0x0000000086300000, 0x0000000086300000|100%| O|  |TAMS 0x0000000086300000, 0x0000000086300000| Untracked 
|  99|0x0000000086300000, 0x0000000086400000, 0x0000000086400000|100%| O|  |TAMS 0x0000000086400000, 0x0000000086400000| Untracked 
| 100|0x0000000086400000, 0x0000000086400000, 0x0000000086500000|  0%| F|  |TAMS 0x0000000086400000, 0x0000000086400000| Untracked 
| 101|0x0000000086500000, 0x0000000086600000, 0x0000000086600000|100%| O|  |TAMS 0x0000000086600000, 0x0000000086600000| Untracked 
| 102|0x0000000086600000, 0x0000000086700000, 0x0000000086700000|100%| O|  |TAMS 0x0000000086700000, 0x0000000086700000| Untracked 
| 103|0x0000000086700000, 0x0000000086800000, 0x0000000086800000|100%| O|  |TAMS 0x0000000086800000, 0x0000000086800000| Untracked 
| 104|0x0000000086800000, 0x0000000086900000, 0x0000000086900000|100%| O|  |TAMS 0x0000000086900000, 0x0000000086900000| Untracked 
| 105|0x0000000086900000, 0x0000000086a00000, 0x0000000086a00000|100%| O|  |TAMS 0x0000000086a00000, 0x0000000086a00000| Untracked 
| 106|0x0000000086a00000, 0x0000000086b00000, 0x0000000086b00000|100%| O|  |TAMS 0x0000000086b00000, 0x0000000086b00000| Untracked 
| 107|0x0000000086b00000, 0x0000000086c00000, 0x0000000086c00000|100%| O|  |TAMS 0x0000000086c00000, 0x0000000086c00000| Untracked 
| 108|0x0000000086c00000, 0x0000000086d00000, 0x0000000086d00000|100%| O|  |TAMS 0x0000000086d00000, 0x0000000086d00000| Untracked 
| 109|0x0000000086d00000, 0x0000000086e00000, 0x0000000086e00000|100%| O|  |TAMS 0x0000000086e00000, 0x0000000086e00000| Untracked 
| 110|0x0000000086e00000, 0x0000000086f00000, 0x0000000086f00000|100%| O|  |TAMS 0x0000000086f00000, 0x0000000086f00000| Untracked 
| 111|0x0000000086f00000, 0x0000000087000000, 0x0000000087000000|100%| O|  |TAMS 0x0000000087000000, 0x0000000087000000| Untracked 
| 112|0x0000000087000000, 0x0000000087100000, 0x0000000087100000|100%| O|  |TAMS 0x0000000087100000, 0x0000000087100000| Untracked 
| 113|0x0000000087100000, 0x0000000087100000, 0x0000000087200000|  0%| F|  |TAMS 0x0000000087100000, 0x0000000087100000| Untracked 
| 114|0x0000000087200000, 0x0000000087300000, 0x0000000087300000|100%| O|  |TAMS 0x0000000087300000, 0x0000000087300000| Untracked 
| 115|0x0000000087300000, 0x0000000087400000, 0x0000000087400000|100%| O|  |TAMS 0x0000000087400000, 0x0000000087400000| Untracked 
| 116|0x0000000087400000, 0x0000000087444400, 0x0000000087500000| 26%| O|  |TAMS 0x0000000087400000, 0x0000000087444400| Untracked 
| 117|0x0000000087500000, 0x0000000087600000, 0x0000000087600000|100%|HS|  |TAMS 0x0000000087600000, 0x0000000087600000| Complete 
| 118|0x0000000087600000, 0x0000000087700000, 0x0000000087700000|100%|HC|  |TAMS 0x0000000087700000, 0x0000000087700000| Complete 
| 119|0x0000000087700000, 0x0000000087800000, 0x0000000087800000|100%| O|  |TAMS 0x0000000087800000, 0x0000000087800000| Untracked 
| 120|0x0000000087800000, 0x0000000087900000, 0x0000000087900000|100%| O|  |TAMS 0x0000000087900000, 0x0000000087900000| Untracked 
| 121|0x0000000087900000, 0x0000000087a00000, 0x0000000087a00000|100%| O|  |TAMS 0x0000000087934e00, 0x0000000087a00000| Untracked 
| 122|0x0000000087a00000, 0x0000000087a00000, 0x0000000087b00000|  0%| F|  |TAMS 0x0000000087a00000, 0x0000000087a00000| Untracked 
| 123|0x0000000087b00000, 0x0000000087b00000, 0x0000000087c00000|  0%| F|  |TAMS 0x0000000087b00000, 0x0000000087b00000| Untracked 
| 124|0x0000000087c00000, 0x0000000087c00000, 0x0000000087d00000|  0%| F|  |TAMS 0x0000000087c00000, 0x0000000087c00000| Untracked 
| 125|0x0000000087d00000, 0x0000000087d00000, 0x0000000087e00000|  0%| F|  |TAMS 0x0000000087d00000, 0x0000000087d00000| Untracked 
| 126|0x0000000087e00000, 0x0000000087e00000, 0x0000000087f00000|  0%| F|  |TAMS 0x0000000087e00000, 0x0000000087e00000| Untracked 
| 127|0x0000000087f00000, 0x0000000087f00000, 0x0000000088000000|  0%| F|  |TAMS 0x0000000087f00000, 0x0000000087f00000| Untracked 
| 128|0x0000000088000000, 0x0000000088000000, 0x0000000088100000|  0%| F|  |TAMS 0x0000000088000000, 0x0000000088000000| Untracked 
| 129|0x0000000088100000, 0x0000000088100000, 0x0000000088200000|  0%| F|  |TAMS 0x0000000088100000, 0x0000000088100000| Untracked 
| 130|0x0000000088200000, 0x0000000088200000, 0x0000000088300000|  0%| F|  |TAMS 0x0000000088200000, 0x0000000088200000| Untracked 
| 131|0x0000000088300000, 0x0000000088300000, 0x0000000088400000|  0%| F|  |TAMS 0x0000000088300000, 0x0000000088300000| Untracked 
| 132|0x0000000088400000, 0x0000000088400000, 0x0000000088500000|  0%| F|  |TAMS 0x0000000088400000, 0x0000000088400000| Untracked 
| 133|0x0000000088500000, 0x0000000088500000, 0x0000000088600000|  0%| F|  |TAMS 0x0000000088500000, 0x0000000088500000| Untracked 
| 134|0x0000000088600000, 0x0000000088600000, 0x0000000088700000|  0%| F|  |TAMS 0x0000000088600000, 0x0000000088600000| Untracked 
| 135|0x0000000088700000, 0x0000000088700000, 0x0000000088800000|  0%| F|  |TAMS 0x0000000088700000, 0x0000000088700000| Untracked 
| 136|0x0000000088800000, 0x0000000088800000, 0x0000000088900000|  0%| F|  |TAMS 0x0000000088800000, 0x0000000088800000| Untracked 
| 137|0x0000000088900000, 0x0000000088900000, 0x0000000088a00000|  0%| F|  |TAMS 0x0000000088900000, 0x0000000088900000| Untracked 
| 138|0x0000000088a00000, 0x0000000088a00000, 0x0000000088b00000|  0%| F|  |TAMS 0x0000000088a00000, 0x0000000088a00000| Untracked 
| 139|0x0000000088b00000, 0x0000000088b00000, 0x0000000088c00000|  0%| F|  |TAMS 0x0000000088b00000, 0x0000000088b00000| Untracked 
| 140|0x0000000088c00000, 0x0000000088c31900, 0x0000000088d00000| 19%| S|CS|TAMS 0x0000000088c00000, 0x0000000088c00000| Complete 
| 141|0x0000000088d00000, 0x0000000088d00000, 0x0000000088e00000|  0%| F|  |TAMS 0x0000000088d00000, 0x0000000088d00000| Untracked 
| 142|0x0000000088e00000, 0x0000000088e00000, 0x0000000088f00000|  0%| F|  |TAMS 0x0000000088e00000, 0x0000000088e00000| Untracked 
| 143|0x0000000088f00000, 0x0000000088f00000, 0x0000000089000000|  0%| F|  |TAMS 0x0000000088f00000, 0x0000000088f00000| Untracked 
| 144|0x0000000089000000, 0x0000000089000000, 0x0000000089100000|  0%| F|  |TAMS 0x0000000089000000, 0x0000000089000000| Untracked 
| 145|0x0000000089100000, 0x0000000089100000, 0x0000000089200000|  0%| F|  |TAMS 0x0000000089100000, 0x0000000089100000| Untracked 
| 146|0x0000000089200000, 0x0000000089200000, 0x0000000089300000|  0%| F|  |TAMS 0x0000000089200000, 0x0000000089200000| Untracked 
| 147|0x0000000089300000, 0x0000000089300000, 0x0000000089400000|  0%| F|  |TAMS 0x0000000089300000, 0x0000000089300000| Untracked 
| 148|0x0000000089400000, 0x0000000089400000, 0x0000000089500000|  0%| F|  |TAMS 0x0000000089400000, 0x0000000089400000| Untracked 
| 149|0x0000000089500000, 0x0000000089500000, 0x0000000089600000|  0%| F|  |TAMS 0x0000000089500000, 0x0000000089500000| Untracked 
| 150|0x0000000089600000, 0x0000000089600000, 0x0000000089700000|  0%| F|  |TAMS 0x0000000089600000, 0x0000000089600000| Untracked 
| 151|0x0000000089700000, 0x0000000089700000, 0x0000000089800000|  0%| F|  |TAMS 0x0000000089700000, 0x0000000089700000| Untracked 
| 152|0x0000000089800000, 0x00000000898624d0, 0x0000000089900000| 38%| E|  |TAMS 0x0000000089800000, 0x0000000089800000| Complete 
| 153|0x0000000089900000, 0x0000000089a00000, 0x0000000089a00000|100%| E|CS|TAMS 0x0000000089900000, 0x0000000089900000| Complete 
| 154|0x0000000089a00000, 0x0000000089b00000, 0x0000000089b00000|100%| E|CS|TAMS 0x0000000089a00000, 0x0000000089a00000| Complete 
| 155|0x0000000089b00000, 0x0000000089c00000, 0x0000000089c00000|100%| E|CS|TAMS 0x0000000089b00000, 0x0000000089b00000| Complete 
| 156|0x0000000089c00000, 0x0000000089d00000, 0x0000000089d00000|100%| E|CS|TAMS 0x0000000089c00000, 0x0000000089c00000| Complete 
| 157|0x0000000089d00000, 0x0000000089e00000, 0x0000000089e00000|100%| E|CS|TAMS 0x0000000089d00000, 0x0000000089d00000| Complete 
| 158|0x0000000089e00000, 0x0000000089f00000, 0x0000000089f00000|100%| E|CS|TAMS 0x0000000089e00000, 0x0000000089e00000| Complete 
| 159|0x0000000089f00000, 0x000000008a000000, 0x000000008a000000|100%| E|CS|TAMS 0x0000000089f00000, 0x0000000089f00000| Complete 
| 160|0x000000008a000000, 0x000000008a100000, 0x000000008a100000|100%| E|CS|TAMS 0x000000008a000000, 0x000000008a000000| Complete 

Card table byte_map: [0x0000020e49150000,0x0000020e49550000] _byte_map_base: 0x0000020e48d50000

Marking Bits (Prev, Next): (CMBitMap*) 0x0000020e3669f040, (CMBitMap*) 0x0000020e3669f008
 Prev Bits: [0x0000020e4b950000, 0x0000020e4d950000)
 Next Bits: [0x0000020e49950000, 0x0000020e4b950000)

Polling page: 0x0000020e345d0000

Metaspace:

Usage:
  Non-class:     92.49 MB capacity,    90.81 MB ( 98%) used,     1.40 MB (  2%) free+waste,   282.13 KB ( <1%) overhead. 
      Class:     13.88 MB capacity,    13.01 MB ( 94%) used,   769.77 KB (  5%) free+waste,   124.88 KB ( <1%) overhead. 
       Both:    106.37 MB capacity,   103.82 MB ( 98%) used,     2.15 MB (  2%) free+waste,   407.00 KB ( <1%) overhead. 

Virtual space:
  Non-class space:       94.00 MB reserved,      92.50 MB ( 98%) committed 
      Class space:        1.00 GB reserved,      14.00 MB (  1%) committed 
             Both:        1.09 GB reserved,     106.50 MB ( 10%) committed 

Chunk freelists:
   Non-Class:  11.00 KB
       Class:  26.00 KB
        Both:  37.00 KB

MaxMetaspaceSize: 17179869184.00 GB
CompressedClassSpaceSize: 1.00 GB

CodeHeap 'non-profiled nmethods': size=120064Kb used=9272Kb max_used=9272Kb free=110791Kb
 bounds [0x0000020e41c10000, 0x0000020e42520000, 0x0000020e49150000]
CodeHeap 'profiled nmethods': size=120000Kb used=29736Kb max_used=29736Kb free=90263Kb
 bounds [0x0000020e3a6e0000, 0x0000020e3c3f0000, 0x0000020e41c10000]
CodeHeap 'non-nmethods': size=5696Kb used=2319Kb max_used=2366Kb free=3376Kb
 bounds [0x0000020e3a150000, 0x0000020e3a3c0000, 0x0000020e3a6e0000]
 total_blobs=14025 nmethods=13079 adapters=857
 compilation: enabled
              stopped_count=0, restarted_count=0
 full_count=0

Compilation events (20 events):
Event: 185.641 Thread 0x0000020e4fd6b000 13154       2       org.objectweb.asm.tree.AnnotationNode::<init> (11 bytes)
Event: 185.641 Thread 0x0000020e4fd6b000 nmethod 13154 0x0000020e3c3a7f90 code [0x0000020e3c3a8140, 0x0000020e3c3a82c8]
Event: 185.641 Thread 0x0000020e4fd6b000 13155       2       org.objectweb.asm.tree.AnnotationNode::visitEnd (1 bytes)
Event: 185.641 Thread 0x0000020e4fd6b000 nmethod 13155 0x0000020e3c3a8390 code [0x0000020e3c3a8540, 0x0000020e3c3a8638]
Event: 185.641 Thread 0x0000020e4fd6b000 13156       2       org.objectweb.asm.Frame::addInitializedType (77 bytes)
Event: 185.642 Thread 0x0000020e4fd6b000 nmethod 13156 0x0000020e3c3a8710 code [0x0000020e3c3a88e0, 0x0000020e3c3a8ce8]
Event: 185.642 Thread 0x0000020e4fd6b000 13157       2       org.objectweb.asm.tree.AnnotationNode::accept (76 bytes)
Event: 185.643 Thread 0x0000020e4fd6b000 nmethod 13157 0x0000020e3c3a8e90 code [0x0000020e3c3a9080, 0x0000020e3c3a9328]
Event: 185.647 Thread 0x0000020e4fd6b000 13158       2       java.util.zip.ZipOutputStream::writeShort (41 bytes)
Event: 185.647 Thread 0x0000020e4fd6b000 nmethod 13158 0x0000020e3c3a9490 code [0x0000020e3c3a9660, 0x0000020e3c3a97f8]
Event: 185.653 Thread 0x0000020e4fd6b000 13160       2       com.google.common.collect.Iterators::forArray (51 bytes)
Event: 185.654 Thread 0x0000020e4fd6b000 nmethod 13160 0x0000020e3c3a9910 code [0x0000020e3c3a9b20, 0x0000020e3c3aa058]
Event: 185.654 Thread 0x0000020e4fd6b000 13162       2       org.objectweb.asm.tree.LdcInsnNode::accept (14 bytes)
Event: 185.655 Thread 0x0000020e4fd6b000 nmethod 13162 0x0000020e3c3aa390 code [0x0000020e3c3aa560, 0x0000020e3c3aa6b8]
Event: 185.655 Thread 0x0000020e4fd6b000 13163       2       org.objectweb.asm.tree.MethodNode::visitAnnotation (78 bytes)
Event: 185.656 Thread 0x0000020e4fd6b000 nmethod 13163 0x0000020e3c3aa790 code [0x0000020e3c3aa9a0, 0x0000020e3c3aaef8]
Event: 185.656 Thread 0x0000020e4fd6b000 13161       2       com.google.common.base.Preconditions::checkPositionIndexes (29 bytes)
Event: 185.656 Thread 0x0000020e4fd6b000 nmethod 13161 0x0000020e3c3ab110 code [0x0000020e3c3ab2e0, 0x0000020e3c3ab4b8]
Event: 185.656 Thread 0x0000020e4fd6b000 13164       2       org.objectweb.asm.SymbolTable::addTypeInternal (85 bytes)
Event: 185.657 Thread 0x0000020e4fd6b000 nmethod 13164 0x0000020e3c3ab610 code [0x0000020e3c3ab800, 0x0000020e3c3abcd8]

GC Heap History (20 events):
Event: 162.329 GC heap before
{Heap before GC invocations=103 (full 0):
 garbage-first heap   total 164864K, used 137813K [0x0000000080000000, 0x0000000100000000)
  region size 1024K, 21 young (21504K), 1 survivors (1024K)
 Metaspace       used 100277K, capacity 102845K, committed 103040K, reserved 1138688K
  class space    used 12581K, capacity 13440K, committed 13440K, reserved 1048576K
}
Event: 162.346 GC heap after
{Heap after GC invocations=104 (full 0):
 garbage-first heap   total 164864K, used 119321K [0x0000000080000000, 0x0000000100000000)
  region size 1024K, 2 young (2048K), 2 survivors (2048K)
 Metaspace       used 100277K, capacity 102845K, committed 103040K, reserved 1138688K
  class space    used 12581K, capacity 13440K, committed 13440K, reserved 1048576K
}
Event: 163.196 GC heap before
{Heap before GC invocations=105 (full 0):
 garbage-first heap   total 164864K, used 138777K [0x0000000080000000, 0x0000000100000000)
  region size 1024K, 22 young (22528K), 2 survivors (2048K)
 Metaspace       used 100279K, capacity 102845K, committed 103040K, reserved 1138688K
  class space    used 12581K, capacity 13440K, committed 13440K, reserved 1048576K
}
Event: 163.205 GC heap after
{Heap after GC invocations=106 (full 0):
 garbage-first heap   total 164864K, used 118209K [0x0000000080000000, 0x0000000100000000)
  region size 1024K, 2 young (2048K), 2 survivors (2048K)
 Metaspace       used 100279K, capacity 102845K, committed 103040K, reserved 1138688K
  class space    used 12581K, capacity 13440K, committed 13440K, reserved 1048576K
}
Event: 163.301 GC heap before
{Heap before GC invocations=106 (full 0):
 garbage-first heap   total 164864K, used 124353K [0x0000000080000000, 0x0000000100000000)
  region size 1024K, 8 young (8192K), 2 survivors (2048K)
 Metaspace       used 100279K, capacity 102845K, committed 103040K, reserved 1138688K
  class space    used 12581K, capacity 13440K, committed 13440K, reserved 1048576K
}
Event: 163.309 GC heap after
{Heap after GC invocations=107 (full 0):
 garbage-first heap   total 164864K, used 115451K [0x0000000080000000, 0x0000000100000000)
  region size 1024K, 1 young (1024K), 1 survivors (1024K)
 Metaspace       used 100279K, capacity 102845K, committed 103040K, reserved 1138688K
  class space    used 12581K, capacity 13440K, committed 13440K, reserved 1048576K
}
Event: 164.047 GC heap before
{Heap before GC invocations=107 (full 0):
 garbage-first heap   total 164864K, used 137979K [0x0000000080000000, 0x0000000100000000)
  region size 1024K, 23 young (23552K), 1 survivors (1024K)
 Metaspace       used 100282K, capacity 102847K, committed 103040K, reserved 1138688K
  class space    used 12581K, capacity 13440K, committed 13440K, reserved 1048576K
}
Event: 164.052 GC heap after
{Heap after GC invocations=108 (full 0):
 garbage-first heap   total 164864K, used 115613K [0x0000000080000000, 0x0000000100000000)
  region size 1024K, 1 young (1024K), 1 survivors (1024K)
 Metaspace       used 100282K, capacity 102847K, committed 103040K, reserved 1138688K
  class space    used 12581K, capacity 13440K, committed 13440K, reserved 1048576K
}
Event: 170.060 GC heap before
{Heap before GC invocations=109 (full 0):
 garbage-first heap   total 164864K, used 137117K [0x0000000080000000, 0x0000000100000000)
  region size 1024K, 23 young (23552K), 1 survivors (1024K)
 Metaspace       used 102466K, capacity 105055K, committed 105216K, reserved 1140736K
  class space    used 12841K, capacity 13744K, committed 13824K, reserved 1048576K
}
Event: 170.075 GC heap after
{Heap after GC invocations=110 (full 0):
 garbage-first heap   total 164864K, used 117345K [0x0000000080000000, 0x0000000100000000)
  region size 1024K, 3 young (3072K), 3 survivors (3072K)
 Metaspace       used 102466K, capacity 105055K, committed 105216K, reserved 1140736K
  class space    used 12841K, capacity 13744K, committed 13824K, reserved 1048576K
}
Event: 170.723 GC heap before
{Heap before GC invocations=110 (full 0):
 garbage-first heap   total 164864K, used 121441K [0x0000000080000000, 0x0000000100000000)
  region size 1024K, 8 young (8192K), 3 survivors (3072K)
 Metaspace       used 102740K, capacity 105343K, committed 105472K, reserved 1140736K
  class space    used 12883K, capacity 13776K, committed 13824K, reserved 1048576K
}
Event: 170.736 GC heap after
{Heap after GC invocations=111 (full 0):
 garbage-first heap   total 164864K, used 116880K [0x0000000080000000, 0x0000000100000000)
  region size 1024K, 1 young (1024K), 1 survivors (1024K)
 Metaspace       used 102740K, capacity 105343K, committed 105472K, reserved 1140736K
  class space    used 12883K, capacity 13776K, committed 13824K, reserved 1048576K
}
Event: 178.378 GC heap before
{Heap before GC invocations=111 (full 0):
 garbage-first heap   total 164864K, used 137360K [0x0000000080000000, 0x0000000100000000)
  region size 1024K, 22 young (22528K), 1 survivors (1024K)
 Metaspace       used 105887K, capacity 108552K, committed 108672K, reserved 1144832K
  class space    used 13296K, capacity 14182K, committed 14208K, reserved 1048576K
}
Event: 178.388 GC heap after
{Heap after GC invocations=112 (full 0):
 garbage-first heap   total 164864K, used 117437K [0x0000000080000000, 0x0000000100000000)
  region size 1024K, 2 young (2048K), 2 survivors (2048K)
 Metaspace       used 105887K, capacity 108552K, committed 108672K, reserved 1144832K
  class space    used 13296K, capacity 14182K, committed 14208K, reserved 1048576K
}
Event: 179.607 GC heap before
{Heap before GC invocations=113 (full 0):
 garbage-first heap   total 164864K, used 138941K [0x0000000080000000, 0x0000000100000000)
  region size 1024K, 23 young (23552K), 2 survivors (2048K)
 Metaspace       used 106000K, capacity 108631K, committed 108672K, reserved 1144832K
  class space    used 13297K, capacity 14182K, committed 14208K, reserved 1048576K
}
Event: 179.622 GC heap after
{Heap after GC invocations=114 (full 0):
 garbage-first heap   total 164864K, used 118996K [0x0000000080000000, 0x0000000100000000)
  region size 1024K, 3 young (3072K), 3 survivors (3072K)
 Metaspace       used 106000K, capacity 108631K, committed 108672K, reserved 1144832K
  class space    used 13297K, capacity 14182K, committed 14208K, reserved 1048576K
}
Event: 179.641 GC heap before
{Heap before GC invocations=114 (full 0):
 garbage-first heap   total 164864K, used 124116K [0x0000000080000000, 0x0000000100000000)
  region size 1024K, 8 young (8192K), 3 survivors (3072K)
 Metaspace       used 106000K, capacity 108631K, committed 108672K, reserved 1144832K
  class space    used 13297K, capacity 14182K, committed 14208K, reserved 1048576K
}
Event: 179.654 GC heap after
{Heap after GC invocations=115 (full 0):
 garbage-first heap   total 164864K, used 118535K [0x0000000080000000, 0x0000000100000000)
  region size 1024K, 1 young (1024K), 1 survivors (1024K)
 Metaspace       used 106000K, capacity 108631K, committed 108672K, reserved 1144832K
  class space    used 13297K, capacity 14182K, committed 14208K, reserved 1048576K
}
Event: 179.847 GC heap before
{Heap before GC invocations=115 (full 0):
 garbage-first heap   total 164864K, used 139015K [0x0000000080000000, 0x0000000100000000)
  region size 1024K, 21 young (21504K), 1 survivors (1024K)
 Metaspace       used 106000K, capacity 108631K, committed 108672K, reserved 1144832K
  class space    used 13297K, capacity 14182K, committed 14208K, reserved 1048576K
}
Event: 179.854 GC heap after
{Heap after GC invocations=116 (full 0):
 garbage-first heap   total 164864K, used 118609K [0x0000000080000000, 0x0000000100000000)
  region size 1024K, 1 young (1024K), 1 survivors (1024K)
 Metaspace       used 106000K, capacity 108631K, committed 108672K, reserved 1144832K
  class space    used 13297K, capacity 14182K, committed 14208K, reserved 1048576K
}

Deoptimization events (20 events):
Event: 185.556 Thread 0x0000020e52c53800 Uncommon trap: trap_request=0xffffffde fr.pc=0x0000020e423bc790 relative=0x0000000000005ef0
Event: 185.556 Thread 0x0000020e52c53800 Uncommon trap: reason=class_check action=maybe_recompile pc=0x0000020e423bc790 method=org.objectweb.asm.ClassReader.readCode(Lorg/objectweb/asm/MethodVisitor;Lorg/objectweb/asm/Context;I)V @ 4070 c2
Event: 185.556 Thread 0x0000020e52c53800 DEOPT PACKING pc=0x0000020e423bc790 sp=0x000000a593bface0
Event: 185.556 Thread 0x0000020e52c53800 DEOPT UNPACKING pc=0x0000020e3a176ca9 sp=0x000000a593bfac60 mode 2
Event: 185.587 Thread 0x0000020e52c53800 Uncommon trap: trap_request=0xffffffde fr.pc=0x0000020e4238d914 relative=0x0000000000005cd4
Event: 185.587 Thread 0x0000020e52c53800 Uncommon trap: reason=class_check action=maybe_recompile pc=0x0000020e4238d914 method=org.objectweb.asm.Label.accept(Lorg/objectweb/asm/MethodVisitor;Z)V @ 2 c2
Event: 185.587 Thread 0x0000020e52c53800 DEOPT PACKING pc=0x0000020e4238d914 sp=0x000000a593bfad10
Event: 185.587 Thread 0x0000020e52c53800 DEOPT UNPACKING pc=0x0000020e3a176ca9 sp=0x000000a593bfac08 mode 2
Event: 185.590 Thread 0x0000020e52c53800 Uncommon trap: trap_request=0xffffff4d fr.pc=0x0000020e4250f574 relative=0x0000000000000534
Event: 185.590 Thread 0x0000020e52c53800 Uncommon trap: reason=unstable_if action=reinterpret pc=0x0000020e4250f574 method=org.objectweb.asm.MethodWriter.visitFieldInsn(ILjava/lang/String;Ljava/lang/String;Ljava/lang/String;)V @ 42 c2
Event: 185.590 Thread 0x0000020e52c53800 DEOPT PACKING pc=0x0000020e4250f574 sp=0x000000a593bfaf00
Event: 185.590 Thread 0x0000020e52c53800 DEOPT UNPACKING pc=0x0000020e3a176ca9 sp=0x000000a593bfaef8 mode 2
Event: 185.596 Thread 0x0000020e52c53800 Uncommon trap: trap_request=0xffffff4d fr.pc=0x0000020e41f9a370 relative=0x0000000000000250
Event: 185.597 Thread 0x0000020e52c53800 Uncommon trap: reason=unstable_if action=reinterpret pc=0x0000020e41f9a370 method=java.io.BufferedOutputStream.write(I)V @ 9 c2
Event: 185.597 Thread 0x0000020e52c53800 DEOPT PACKING pc=0x0000020e41f9a370 sp=0x000000a593bfafa0
Event: 185.597 Thread 0x0000020e52c53800 DEOPT UNPACKING pc=0x0000020e3a176ca9 sp=0x000000a593bfaf48 mode 2
Event: 185.605 Thread 0x0000020e52c53800 Uncommon trap: trap_request=0xffffffde fr.pc=0x0000020e423614c4 relative=0x00000000000063e4
Event: 185.605 Thread 0x0000020e52c53800 Uncommon trap: reason=class_check action=maybe_recompile pc=0x0000020e423614c4 method=org.objectweb.asm.Label.accept(Lorg/objectweb/asm/MethodVisitor;Z)V @ 2 c2
Event: 185.605 Thread 0x0000020e52c53800 DEOPT PACKING pc=0x0000020e423614c4 sp=0x000000a593bfacc0
Event: 185.605 Thread 0x0000020e52c53800 DEOPT UNPACKING pc=0x0000020e3a176ca9 sp=0x000000a593bfac08 mode 2

Classes redefined (0 events):
No events

Internal exceptions (20 events):
Event: 139.345 Thread 0x0000020e52c53800 Exception <a 'sun/nio/fs/WindowsException'{0x0000000088fd8bb8}> (0x0000000088fd8bb8) thrown at [./src/hotspot/share/prims/jni.cpp, line 615]
Event: 143.358 Thread 0x0000020e52c53800 Exception <a 'sun/nio/fs/WindowsException'{0x00000000889c9928}> (0x00000000889c9928) thrown at [./src/hotspot/share/prims/jni.cpp, line 615]
Event: 147.733 Thread 0x0000020e52c59800 Exception <a 'sun/nio/fs/WindowsException'{0x000000008943be50}> (0x000000008943be50) thrown at [./src/hotspot/share/prims/jni.cpp, line 615]
Event: 148.203 Thread 0x0000020e52c59800 Exception <a 'sun/nio/fs/WindowsException'{0x0000000088d73330}> (0x0000000088d73330) thrown at [./src/hotspot/share/prims/jni.cpp, line 615]
Event: 151.158 Thread 0x0000020e52c59800 Exception <a 'sun/nio/fs/WindowsException'{0x0000000089aa1420}> (0x0000000089aa1420) thrown at [./src/hotspot/share/prims/jni.cpp, line 615]
Event: 151.637 Thread 0x0000020e52c53800 Exception <a 'sun/nio/fs/WindowsException'{0x00000000887e7bb8}> (0x00000000887e7bb8) thrown at [./src/hotspot/share/prims/jni.cpp, line 615]
Event: 156.012 Thread 0x0000020e518ec800 Exception <a 'sun/nio/fs/WindowsException'{0x000000008939ab20}> (0x000000008939ab20) thrown at [./src/hotspot/share/prims/jni.cpp, line 615]
Event: 158.523 Thread 0x0000020e518ec800 Exception <a 'sun/nio/fs/WindowsException'{0x0000000089c5c7e0}> (0x0000000089c5c7e0) thrown at [./src/hotspot/share/prims/jni.cpp, line 615]
Event: 158.921 Thread 0x0000020e518ec800 Exception <a 'sun/nio/fs/WindowsException'{0x0000000089ecf3f0}> (0x0000000089ecf3f0) thrown at [./src/hotspot/share/prims/jni.cpp, line 615]
Event: 163.038 Thread 0x0000020e52c59800 Exception <a 'sun/nio/fs/WindowsException'{0x00000000897adc60}> (0x00000000897adc60) thrown at [./src/hotspot/share/prims/jni.cpp, line 615]
Event: 163.448 Thread 0x0000020e52c53800 Exception <a 'sun/nio/fs/WindowsException'{0x000000008985f2e8}> (0x000000008985f2e8) thrown at [./src/hotspot/share/prims/jni.cpp, line 615]
Event: 163.671 Thread 0x0000020e52c53800 Exception <a 'sun/nio/fs/WindowsException'{0x000000008971a8f8}> (0x000000008971a8f8) thrown at [./src/hotspot/share/prims/jni.cpp, line 615]
Event: 163.806 Thread 0x0000020e52c59800 Exception <a 'sun/nio/fs/WindowsException'{0x00000000897a5ac0}> (0x00000000897a5ac0) thrown at [./src/hotspot/share/prims/jni.cpp, line 615]
Event: 163.868 Thread 0x0000020e52c53800 Exception <a 'sun/nio/fs/WindowsException'{0x0000000088e594c8}> (0x0000000088e594c8) thrown at [./src/hotspot/share/prims/jni.cpp, line 615]
Event: 163.931 Thread 0x0000020e52c59800 Exception <a 'sun/nio/fs/WindowsException'{0x0000000088cbeaa0}> (0x0000000088cbeaa0) thrown at [./src/hotspot/share/prims/jni.cpp, line 615]
Event: 164.602 Thread 0x0000020e52c53800 Exception <a 'sun/nio/fs/WindowsException'{0x0000000089c9d648}> (0x0000000089c9d648) thrown at [./src/hotspot/share/prims/jni.cpp, line 615]
Event: 164.697 Thread 0x0000020e518ec800 Exception <a 'java/lang/NoSuchMethodError'{0x0000000089b1d118}: 'int java.lang.invoke.DirectMethodHandle$Holder.invokeSpecialIFC(java.lang.Object, java.lang.Object, java.lang.Object)'> (0x0000000089b1d118) thrown at [./src/hotspot/share/interpreter/linkResolver.cpp, line 773]
Event: 166.363 Thread 0x0000020e518ec800 Exception <a 'sun/nio/fs/WindowsException'{0x000000008959cbf8}> (0x000000008959cbf8) thrown at [./src/hotspot/share/prims/jni.cpp, line 615]
Event: 166.405 Thread 0x0000020e518ec800 Implicit null exception at 0x0000020e41e82bd0 to 0x0000020e41e841a8
Event: 180.588 Thread 0x0000020e518ec800 Exception <a 'sun/nio/fs/WindowsException'{0x0000000089712e00}> (0x0000000089712e00) thrown at [./src/hotspot/share/prims/jni.cpp, line 615]

Events (20 events):
Event: 185.473 loading class org/objectweb/asm/tree/InvokeDynamicInsnNode
Event: 185.473 loading class org/objectweb/asm/tree/InvokeDynamicInsnNode done
Event: 185.474 loading class org/objectweb/asm/tree/LabelNode
Event: 185.474 loading class org/objectweb/asm/tree/LabelNode done
Event: 185.475 loading class org/objectweb/asm/tree/JumpInsnNode
Event: 185.475 loading class org/objectweb/asm/tree/JumpInsnNode done
Event: 185.475 loading class org/objectweb/asm/tree/FieldInsnNode
Event: 185.475 loading class org/objectweb/asm/tree/FieldInsnNode done
Event: 185.476 loading class org/objectweb/asm/tree/VarInsnNode
Event: 185.476 loading class org/objectweb/asm/tree/VarInsnNode done
Event: 185.477 loading class org/objectweb/asm/tree/IntInsnNode
Event: 185.477 loading class org/objectweb/asm/tree/IntInsnNode done
Event: 185.478 loading class org/objectweb/asm/tree/FrameNode
Event: 185.478 loading class org/objectweb/asm/tree/FrameNode done
Event: 185.479 loading class org/objectweb/asm/tree/InsnList
Event: 185.479 loading class org/objectweb/asm/tree/InsnList done
Event: 185.488 loading class org/objectweb/asm/tree/LocalVariableNode
Event: 185.488 loading class org/objectweb/asm/tree/LocalVariableNode done
Event: 185.596 Executing VM operation: RevokeBias
Event: 185.597 Executing VM operation: RevokeBias done


Dynamic libraries:
0x00007ff6e8d80000 - 0x00007ff6e8d8a000 	C:\Program Files\Android\Android Studio\jre\bin\java.exe
0x00007ff88cd70000 - 0x00007ff88cf65000 	C:\WINDOWS\SYSTEM32\ntdll.dll
0x00007ff88bce0000 - 0x00007ff88bd9e000 	C:\WINDOWS\System32\KERNEL32.DLL
0x00007ff88a550000 - 0x00007ff88a818000 	C:\WINDOWS\System32\KERNELBASE.dll
0x00007ff88a820000 - 0x00007ff88a920000 	C:\WINDOWS\System32\ucrtbase.dll
0x00007ff8850d0000 - 0x00007ff8850e7000 	C:\Program Files\Android\Android Studio\jre\bin\VCRUNTIME140.dll
0x00007ff884610000 - 0x00007ff884629000 	C:\Program Files\Android\Android Studio\jre\bin\jli.dll
0x00007ff88aec0000 - 0x00007ff88b061000 	C:\WINDOWS\System32\USER32.dll
0x00007ff88aa80000 - 0x00007ff88aaa2000 	C:\WINDOWS\System32\win32u.dll
0x00007ff88bf30000 - 0x00007ff88bf5b000 	C:\WINDOWS\System32\GDI32.dll
0x00007ff88ac80000 - 0x00007ff88ad8d000 	C:\WINDOWS\System32\gdi32full.dll
0x00007ff88aae0000 - 0x00007ff88ab7d000 	C:\WINDOWS\System32\msvcp_win.dll
0x00007ff879a40000 - 0x00007ff879cda000 	C:\WINDOWS\WinSxS\amd64_microsoft.windows.common-controls_6595b64144ccf1df_6.0.19041.1110_none_60b5254171f9507e\COMCTL32.dll
0x00007ff88c3d0000 - 0x00007ff88c46e000 	C:\WINDOWS\System32\msvcrt.dll
0x00007ff88c4f0000 - 0x00007ff88c520000 	C:\WINDOWS\System32\IMM32.DLL
0x00007ff87d2c0000 - 0x00007ff87d35d000 	C:\Program Files\Android\Android Studio\jre\bin\msvcp140.dll
0x00007ff840ad0000 - 0x00007ff84159f000 	C:\Program Files\Android\Android Studio\jre\bin\server\jvm.dll
0x00007ff88c2c0000 - 0x00007ff88c36e000 	C:\WINDOWS\System32\ADVAPI32.dll
0x00007ff88ba40000 - 0x00007ff88badc000 	C:\WINDOWS\System32\sechost.dll
0x00007ff88be00000 - 0x00007ff88bf25000 	C:\WINDOWS\System32\RPCRT4.dll
0x00007ff88aeb0000 - 0x00007ff88aeb8000 	C:\WINDOWS\System32\PSAPI.DLL
0x00007ff8789a0000 - 0x00007ff8789a9000 	C:\WINDOWS\SYSTEM32\WSOCK32.dll
0x00007ff87a810000 - 0x00007ff87a837000 	C:\WINDOWS\SYSTEM32\WINMM.dll
0x00007ff87bc60000 - 0x00007ff87bc6a000 	C:\WINDOWS\SYSTEM32\VERSION.dll
0x00007ff88b150000 - 0x00007ff88b1bb000 	C:\WINDOWS\System32\WS2_32.dll
0x00007ff888350000 - 0x00007ff888362000 	C:\WINDOWS\SYSTEM32\kernel.appcore.dll
0x00007ff87cb90000 - 0x00007ff87cba1000 	C:\Program Files\Android\Android Studio\jre\bin\verify.dll
0x00007ff87c5c0000 - 0x00007ff87c7a4000 	C:\WINDOWS\SYSTEM32\DBGHELP.DLL
0x00007ff87c590000 - 0x00007ff87c5bc000 	C:\WINDOWS\SYSTEM32\dbgcore.DLL
0x00007ff88a4c0000 - 0x00007ff88a542000 	C:\WINDOWS\System32\bcryptPrimitives.dll
0x00007ff87c8b0000 - 0x00007ff87c8d9000 	C:\Program Files\Android\Android Studio\jre\bin\java.dll
0x00007ff884590000 - 0x00007ff88459b000 	C:\Program Files\Android\Android Studio\jre\bin\jimage.dll
0x00007ff87cb70000 - 0x00007ff87cb88000 	C:\Program Files\Android\Android Studio\jre\bin\zip.dll
0x00007ff88b2f0000 - 0x00007ff88ba34000 	C:\WINDOWS\System32\SHELL32.dll
0x00007ff888550000 - 0x00007ff888ce5000 	C:\WINDOWS\SYSTEM32\windows.storage.dll
0x00007ff88bf60000 - 0x00007ff88c2b5000 	C:\WINDOWS\System32\combase.dll
0x00007ff889de0000 - 0x00007ff889e0e000 	C:\WINDOWS\SYSTEM32\Wldp.dll
0x00007ff88b070000 - 0x00007ff88b11d000 	C:\WINDOWS\System32\SHCORE.dll
0x00007ff88b1c0000 - 0x00007ff88b215000 	C:\WINDOWS\System32\shlwapi.dll
0x00007ff88a3a0000 - 0x00007ff88a3bf000 	C:\WINDOWS\SYSTEM32\profapi.dll
0x00007ff87bd00000 - 0x00007ff87bd1a000 	C:\Program Files\Android\Android Studio\jre\bin\net.dll
0x00007ff87f800000 - 0x00007ff87f90c000 	C:\WINDOWS\SYSTEM32\WINHTTP.dll
0x00007ff889b40000 - 0x00007ff889baa000 	C:\WINDOWS\system32\mswsock.dll
0x00007ff8782b0000 - 0x00007ff8782c4000 	C:\Program Files\Android\Android Studio\jre\bin\nio.dll
0x00007ff885470000 - 0x00007ff885497000 	C:\Users\Medhok\.gradle\native\8bec1ad78214c89d9ad589b4d07fe93259594b29d510b10fafb7a158f7737e5d\windows-amd64\native-platform.dll
0x00007ff865810000 - 0x00007ff86594d000 	C:\Users\Medhok\.gradle\native\53dbd7edfb1c66fb8903c78663c9afc45aea4f116125fa6feffd364cf09443e8\windows-amd64\native-platform-file-events.dll
0x00007ff884460000 - 0x00007ff88446a000 	C:\Program Files\Android\Android Studio\jre\bin\management.dll
0x00007ff883ca0000 - 0x00007ff883cac000 	C:\Program Files\Android\Android Studio\jre\bin\management_ext.dll
0x00007ff889d30000 - 0x00007ff889d48000 	C:\WINDOWS\SYSTEM32\CRYPTSP.dll
0x00007ff8894c0000 - 0x00007ff8894f4000 	C:\WINDOWS\system32\rsaenh.dll
0x00007ff88aab0000 - 0x00007ff88aad7000 	C:\WINDOWS\System32\bcrypt.dll
0x00007ff88a320000 - 0x00007ff88a34e000 	C:\WINDOWS\SYSTEM32\USERENV.dll
0x00007ff889d50000 - 0x00007ff889d5c000 	C:\WINDOWS\SYSTEM32\CRYPTBASE.dll
0x00007ff889830000 - 0x00007ff88986b000 	C:\WINDOWS\SYSTEM32\IPHLPAPI.DLL
0x00007ff88c7c0000 - 0x00007ff88c7c8000 	C:\WINDOWS\System32\NSI.dll
0x00007ff87ff30000 - 0x00007ff87ff47000 	C:\WINDOWS\SYSTEM32\dhcpcsvc6.DLL
0x00007ff880070000 - 0x00007ff88008d000 	C:\WINDOWS\SYSTEM32\dhcpcsvc.DLL
0x00007ff8898c0000 - 0x00007ff88998b000 	C:\WINDOWS\SYSTEM32\DNSAPI.dll
0x00007ff888e20000 - 0x00007ff888e53000 	C:\WINDOWS\SYSTEM32\ntmarta.dll
0x00007ff86d970000 - 0x00007ff86d997000 	C:\Program Files\Android\Android Studio\jre\bin\sunec.dll
0x00007ff87ec70000 - 0x00007ff87ec7a000 	C:\Windows\System32\rasadhlp.dll
0x00007ff87ec80000 - 0x00007ff87ecff000 	C:\WINDOWS\System32\fwpuclnt.dll

dbghelp: loaded successfully - version: 4.0.5 - missing functions: none
symbol engine: initialized successfully - sym options: 0x614 - pdb path: .;C:\Program Files\Android\Android Studio\jre\bin;C:\WINDOWS\SYSTEM32;C:\WINDOWS\WinSxS\amd64_microsoft.windows.common-controls_6595b64144ccf1df_6.0.19041.1110_none_60b5254171f9507e;C:\Program Files\Android\Android Studio\jre\bin\server;C:\Users\Medhok\.gradle\native\8bec1ad78214c89d9ad589b4d07fe93259594b29d510b10fafb7a158f7737e5d\windows-amd64;C:\Users\Medhok\.gradle\native\53dbd7edfb1c66fb8903c78663c9afc45aea4f116125fa6feffd364cf09443e8\windows-amd64

VM Arguments:
jvm_args: --add-opens=java.base/java.util=ALL-UNNAMED --add-opens=java.base/java.lang=ALL-UNNAMED --add-opens=java.base/java.lang.invoke=ALL-UNNAMED --add-opens=java.base/java.util=ALL-UNNAMED --add-opens=java.prefs/java.util.prefs=ALL-UNNAMED --add-opens=java.prefs/java.util.prefs=ALL-UNNAMED --add-opens=java.base/java.nio.charset=ALL-UNNAMED --add-opens=java.base/java.net=ALL-UNNAMED --add-opens=java.base/java.util.concurrent.atomic=ALL-UNNAMED -Xmx2048m -Dfile.encoding=UTF-8 -Duser.country=US -Duser.language=en -Duser.variant 
java_command: org.gradle.launcher.daemon.bootstrap.GradleDaemon 7.0.2
java_class_path (initial): C:\Users\Medhok\.gradle\wrapper\dists\gradle-7.0.2-bin\857tjihv64xamwrf0h14cai3r\gradle-7.0.2\lib\gradle-launcher-7.0.2.jar
Launcher Type: SUN_STANDARD

[Global flags]
     intx CICompilerCount                          = 2                                         {product} {ergonomic}
     uint ConcGCThreads                            = 1                                         {product} {ergonomic}
     uint G1ConcRefinementThreads                  = 2                                         {product} {ergonomic}
   size_t G1HeapRegionSize                         = 1048576                                   {product} {ergonomic}
    uintx GCDrainStackTargetSize                   = 64                                        {product} {ergonomic}
   size_t InitialHeapSize                          = 65011712                                  {product} {ergonomic}
   size_t MarkStackSize                            = 4194304                                   {product} {ergonomic}
   size_t MaxHeapSize                              = 2147483648                                {product} {command line}
   size_t MaxNewSize                               = 1287651328                                {product} {ergonomic}
   size_t MinHeapDeltaBytes                        = 1048576                                   {product} {ergonomic}
    uintx NonNMethodCodeHeapSize                   = 5825164                                {pd product} {ergonomic}
    uintx NonProfiledCodeHeapSize                  = 122916538                              {pd product} {ergonomic}
    uintx ProfiledCodeHeapSize                     = 122916538                              {pd product} {ergonomic}
    uintx ReservedCodeCacheSize                    = 251658240                              {pd product} {ergonomic}
     bool SegmentedCodeCache                       = true                                      {product} {ergonomic}
     bool UseCompressedClassPointers               = true                                 {lp64_product} {ergonomic}
     bool UseCompressedOops                        = true                                 {lp64_product} {ergonomic}
     bool UseG1GC                                  = true                                      {product} {ergonomic}
     bool UseLargePagesIndividualAllocation        = false                                  {pd product} {ergonomic}

Logging:
Log output configuration:
 #0: stdout all=warning uptime,level,tags
 #1: stderr all=off uptime,level,tags

Environment Variables:
PATH=C:\oraclexe\app\oracle\product\11.2.0\server\bin;C:\Program Files\Common Files\Oracle\Java\javapath;C:\Users\Medhok\Anaconda3\Lib\site-packages\PyQt5;C:\Program Files (x86)\Common Files\Intel\Shared Files\cpp\bin\Intel64;C:\Program Files (x86)\AMD APP\bin\x86_64;C:\Program Files (x86)\AMD APP\bin\x86;C:\WINDOWS\system32;C:\WINDOWS;C:\WINDOWS\System32\Wbem;C:\WINDOWS\System32\WindowsPowerShell\v1.0\;C:\Program Files (x86)\Intel\OpenCL SDK\2.0\bin\x86;C:\Program Files (x86)\Intel\OpenCL SDK\2.0\bin\x64;C:\Program Files\Intel\WiFi\bin\;C:\Program Files\Common Files\Intel\WirelessCommon\;C:\Program Files (x86)\ATI Technologies\ATI.ACE\Core-Static;E:\Film\Microsoft VS Code\bin;C:\WINDOWS\System32\OpenSSH\;C:\Program Files (x86)\Microsoft SQL Server\100\Tools\Binn\;C:\Program Files\Microsoft SQL Server\100\Tools\Binn\;C:\Program Files\Microsoft SQL Server\100\DTS\Binn\;C:\Program Files\dotnet\;C:\Program Files\Git\cmd;C:\Program Files\Intel\WiFi\bin\;C:\Program Files\Common Files\Intel\WirelessCommon\;C:\Users\Medhok\AppData\Local\Microsoft\WindowsApps;C:\Users\Medhok\.dotnet\tools
USERNAME=Medhok
OS=Windows_NT
PROCESSOR_IDENTIFIER=Intel64 Family 6 Model 58 Stepping 9, GenuineIntel



---------------  S Y S T E M  ---------------

OS: Windows 10 , 64 bit Build 19041 (10.0.19041.1466)
OS uptime: 15 days 20:20 hours

CPU:total 2 (initial active 2) (2 cores per cpu, 1 threads per core) family 6 model 58 stepping 9 microcode 0x21, cmov, cx8, fxsr, mmx, sse, sse2, sse3, ssse3, sse4.1, sse4.2, popcnt, clmul, erms, tsc, tscinvbit, tscinv

Memory: 4k page, system-wide physical 3964M (311M free)
TotalPageFile size 8060M (AvailPageFile size 0M)
current process WorkingSet (physical memory assigned to process): 433M, peak: 449M
current process commit charge ("private bytes"): 456M, peak: 474M

vm_info: OpenJDK 64-Bit Server VM (11.0.10+0-b96-7249189) for windows-amd64 JRE (11.0.10+0-b96-7249189), built on Mar 31 2021 21:44:00 by "builder" with MS VC++ 14.0 (VS2015)

END.
